Log file open, 03/08/22 00:18:10
LogWindows: Failed to load 'aqProf.dll' (GetLastError=126)
LogWindows: File 'aqProf.dll' does not exist
LogWindows: Failed to load 'VtuneApi.dll' (GetLastError=126)
LogWindows: File 'VtuneApi.dll' does not exist
LogWindows: Failed to load 'VtuneApi32e.dll' (GetLastError=126)
LogWindows: File 'VtuneApi32e.dll' does not exist
LogConsoleResponse: Display: Failed to find resolution value strings in scalability ini. Falling back to default.
LogConsoleResponse: Display: Failed to find resolution value strings in scalability ini. Falling back to default.
LogInit: Display: Running engine for game: Ctrl_It
LogPlatformFile: Not using cached read wrapper
LogTaskGraph: Started task graph with 5 named threads and 47 total threads with 3 sets of task threads.
LogStats: Stats thread started at 0.223985
LogICUInternationalization: ICU TimeZone Detection - Raw Offset: +7:00, Platform Override: ''
LogInit: Display: Loading text-based GConfig....
LogPluginManager: Mounting plugin MeshPainting
LogPluginManager: Mounting plugin XGEController
LogPluginManager: Mounting plugin Paper2D
LogPluginManager: Mounting plugin AISupport
LogPluginManager: Mounting plugin EnvironmentQueryEditor
LogPluginManager: Mounting plugin LightPropagationVolume
LogPluginManager: Mounting plugin LiveLink
LogPluginManager: Mounting plugin OodleData
LogPluginManager: Mounting plugin CameraShakePreviewer
LogPluginManager: Mounting plugin GameplayCameras
LogPluginManager: Mounting plugin AnimationSharing
LogPluginManager: Mounting plugin CLionSourceCodeAccess
LogPluginManager: Mounting plugin CodeLiteSourceCodeAccess
LogPluginManager: Mounting plugin DatasmithContent
LogPluginManager: Mounting plugin GitSourceControl
LogPluginManager: Mounting plugin KDevelopSourceCodeAccess
LogPluginManager: Mounting plugin NullSourceCodeAccess
LogPluginManager: Mounting plugin VariantManagerContent
LogPluginManager: Mounting plugin PixWinPlugin
LogPluginManager: Mounting plugin PerforceSourceControl
LogPluginManager: Mounting plugin PlasticSourceControl
LogPluginManager: Mounting plugin PluginUtils
LogPluginManager: Mounting plugin PropertyAccessNode
LogPluginManager: Mounting plugin SubversionSourceControl
LogPluginManager: Mounting plugin RiderSourceCodeAccess
LogPluginManager: Mounting plugin OodleNetwork
LogPluginManager: Mounting plugin TextureFormatOodle
LogPluginManager: Mounting plugin UObjectPlugin
LogPluginManager: Mounting plugin VisualStudioCodeSourceCodeAccess
LogPluginManager: Mounting plugin XCodeSourceCodeAccess
LogPluginManager: Mounting plugin AssetManagerEditor
LogPluginManager: Mounting plugin VisualStudioSourceCodeAccess
LogPluginManager: Mounting plugin DataValidation
LogPluginManager: Mounting plugin MacGraphicsSwitching
LogPluginManager: Mounting plugin FacialAnimation
LogPluginManager: Mounting plugin GeometryMode
LogPluginManager: Mounting plugin MobileLauncherProfileWizard
LogPluginManager: Mounting plugin CurveEditorTools
LogPluginManager: Mounting plugin PluginBrowser
LogPluginManager: Mounting plugin SpeedTreeImporter
LogPluginManager: Mounting plugin Niagara
LogPluginManager: Mounting plugin CryptoKeys
LogPluginManager: Mounting plugin AlembicImporter
LogPluginManager: Mounting plugin BackChannel
LogPluginManager: Mounting plugin AutomationUtils
LogPluginManager: Mounting plugin MaterialAnalyzer
LogPluginManager: Mounting plugin GameplayTagsEditor
LogPluginManager: Mounting plugin ChaosEditor
LogPluginManager: Mounting plugin ChaosNiagara
LogPluginManager: Mounting plugin ChaosClothEditor
LogPluginManager: Mounting plugin ChaosSolverPlugin
LogPluginManager: Mounting plugin CharacterAI
LogPluginManager: Mounting plugin GeometryCache
LogPluginManager: Mounting plugin LuminPlatformFeatures
LogPluginManager: Mounting plugin GeometryCollectionPlugin
LogPluginManager: Mounting plugin MagicLeap
LogPluginManager: Mounting plugin GeometryProcessing
LogPluginManager: Mounting plugin AndroidMedia
LogPluginManager: Mounting plugin ActorSequence
LogPluginManager: Mounting plugin MotoSynth
LogPluginManager: Mounting plugin ChaosCloth
LogPluginManager: Mounting plugin OpenImageDenoise
LogPluginManager: Mounting plugin PlanarCut
LogPluginManager: Mounting plugin ProxyLODPlugin
LogPluginManager: Mounting plugin PlatformCrypto
LogPluginManager: Mounting plugin PythonScriptPlugin
LogPluginManager: Mounting plugin LevelSequenceEditor
LogPluginManager: Mounting plugin MatineeToLevelSequence
LogPluginManager: Mounting plugin AvfMedia
LogPluginManager: Mounting plugin MagicLeapLightEstimation
LogPluginManager: Mounting plugin TemplateSequence
LogPluginManager: Mounting plugin OnlineSubsystem
LogPluginManager: Mounting plugin MagicLeapMedia
LogPluginManager: Mounting plugin MagicLeapPassableWorld
LogPluginManager: Mounting plugin SkeletalReduction
LogPluginManager: Mounting plugin TcpMessaging
LogPluginManager: Mounting plugin LauncherChunkInstaller
LogPluginManager: Mounting plugin UdpMessaging
LogPluginManager: Mounting plugin ScreenshotTools
LogPluginManager: Mounting plugin OnlineSubsystemNull
LogPluginManager: Mounting plugin OnlineSubsystemUtils
LogPluginManager: Mounting plugin ImgMedia
LogPluginManager: Mounting plugin MediaPlayerEditor
LogPluginManager: Mounting plugin WebMMedia
LogPluginManager: Mounting plugin WmfMedia
LogPluginManager: Mounting plugin ActorLayerUtilities
LogPluginManager: Mounting plugin MLSDK
LogPluginManager: Mounting plugin AndroidDeviceProfileSelector
LogPluginManager: Mounting plugin AndroidMoviePlayer
LogPluginManager: Mounting plugin AndroidPermission
LogPluginManager: Mounting plugin AppleMoviePlayer
LogPluginManager: Mounting plugin AppleImageUtils
LogPluginManager: Mounting plugin ArchVisCharacter
LogPluginManager: Mounting plugin AssetTags
LogPluginManager: Mounting plugin AudioCapture
LogPluginManager: Mounting plugin AudioSynesthesia
LogPluginManager: Mounting plugin CableComponent
LogPluginManager: Mounting plugin ChunkDownloader
LogPluginManager: Mounting plugin CustomMeshComponent
LogPluginManager: Mounting plugin ExampleDeviceProfileSelector
LogPluginManager: Mounting plugin EditableMesh
LogPluginManager: Mounting plugin GoogleCloudMessaging
LogPluginManager: Mounting plugin GooglePAD
LogPluginManager: Mounting plugin IOSDeviceProfileSelector
LogPluginManager: Mounting plugin LinuxDeviceProfileSelector
LogPluginManager: Mounting plugin MediaCompositing
LogPluginManager: Mounting plugin LocationServicesBPLibrary
LogPluginManager: Mounting plugin MobilePatchingUtils
LogPluginManager: Mounting plugin OpenXR
LogPluginManager: Mounting plugin OpenXRHandTracking
LogPluginManager: Mounting plugin OpenXREyeTracker
LogPluginManager: Mounting plugin PhysXVehicles
LogPluginManager: Mounting plugin ProceduralMeshComponent
LogPluginManager: Mounting plugin PropertyAccessEditor
LogPluginManager: Mounting plugin RuntimePhysXCooking
LogPluginManager: Mounting plugin SignificanceManager
LogPluginManager: Mounting plugin SoundFields
LogPluginManager: Mounting plugin Synthesis
LogPluginManager: Mounting plugin WebMMoviePlayer
LogPluginManager: Mounting plugin WindowsMoviePlayer
LogPluginManager: Mounting plugin Takes
LogPluginManager: Mounting plugin PostSplashScreen
LogPluginManager: Mounting plugin ContentBrowserClassDataSource
LogPluginManager: Mounting plugin ContentBrowserAssetDataSource
LogPluginManager: Mounting plugin ContentBrowserFileDataSource
LogPluginManager: Mounting plugin OnlineSubsystemGooglePlay
LogPluginManager: Mounting plugin OnlineSubsystemIOS
LogPluginManager: Mounting plugin OculusVR
LogPluginManager: Mounting plugin SteamVR
PixWinPlugin: PIX capture plugin failed to initialize! Check that the process is launched from PIX.
LogInit: Using libcurl 7.55.1-DEV
LogInit:  - built for x86_64-pc-win32
LogInit:  - supports SSL with OpenSSL/1.1.1
LogInit:  - supports HTTP deflate (compression) using libz 1.2.8
LogInit:  - other features:
LogInit:      CURL_VERSION_SSL
LogInit:      CURL_VERSION_LIBZ
LogInit:      CURL_VERSION_IPV6
LogInit:      CURL_VERSION_ASYNCHDNS
LogInit:      CURL_VERSION_LARGEFILE
LogInit:      CURL_VERSION_IDN
LogInit:  CurlRequestOptions (configurable via config and command line):
LogInit:  - bVerifyPeer = true  - Libcurl will verify peer certificate
LogInit:  - bUseHttpProxy = false  - Libcurl will NOT use HTTP proxy
LogInit:  - bDontReuseConnections = false  - Libcurl will reuse connections
LogInit:  - MaxHostConnections = 16  - Libcurl will limit the number of connections to a host
LogInit:  - LocalHostAddr = Default
LogInit:  - BufferSize = 65536
LogOnline: OSS: Creating online subsystem instance for: NULL
LogInit: WinSock: version 1.1 (2.2), MaxSocks=32767, MaxUdp=65467
LogOnline: OSS: TryLoadSubsystemAndSetDefault: Loaded subsystem for module [NULL]
LogOculusPluginWrapper: OculusPlugin initialized successfully
LogHMD: Failed initializing OVRPlugin 1.59.0
LogInit: Build: ++UE4+Release-4.27-CL-18319896
LogInit: Engine Version: 4.27.2-18319896+++UE4+Release-4.27
LogInit: Compatible Engine Version: 4.27.0-17155196+++UE4+Release-4.27
LogInit: Net CL: 17155196
LogInit: OS: Windows 10 (Release 2009) (), CPU: Intel(R) Core(TM) i9-9900K CPU @ 3.60GHz, GPU: NVIDIA GeForce RTX 2080 SUPER
LogInit: Compiled (64-bit): Nov 30 2021 07:12:08
LogInit: Compiled with Visual C++: 19.24.28315.00
LogInit: Build Configuration: Development
LogInit: Branch Name: ++UE4+Release-4.27
LogInit: Command Line:  /Game/Ctrl+It/MainMenu/Blueprint/Maps/Level_MainMenu -game -PIEVIACONSOLE -Multiprocess GameUserSettingsINI=C:/Games/Ctrl+It/Ctrl_It/Saved/Config/Windows/PIEGameUserSettings0.ini -MultiprocessSaveConfig -forcepassthrough -messaging -SessionName="Play in Standalone Game" -windowed -WinX=0 -WinY=24 SAVEWINPOS=1 -ResX=1910 -ResY=1006
LogInit: Base Directory: C:/Program Files/Epic Games/UE_4.27/Engine/Binaries/Win64/
LogInit: Allocator: TBB
LogInit: Installed Engine Build: 1
LogDevObjectVersion: Number of dev versions registered: 29
LogDevObjectVersion:   Dev-Blueprints (B0D832E4-1F89-4F0D-ACCF-7EB736FD4AA2): 10
LogDevObjectVersion:   Dev-Build (E1C64328-A22C-4D53-A36C-8E866417BD8C): 0
LogDevObjectVersion:   Dev-Core (375EC13C-06E4-48FB-B500-84F0262A717E): 4
LogDevObjectVersion:   Dev-Editor (E4B068ED-F494-42E9-A231-DA0B2E46BB41): 40
LogDevObjectVersion:   Dev-Framework (CFFC743F-43B0-4480-9391-14DF171D2073): 37
LogDevObjectVersion:   Dev-Mobile (B02B49B5-BB20-44E9-A304-32B752E40360): 3
LogDevObjectVersion:   Dev-Networking (A4E4105C-59A1-49B5-A7C5-40C4547EDFEE): 0
LogDevObjectVersion:   Dev-Online (39C831C9-5AE6-47DC-9A44-9C173E1C8E7C): 0
LogDevObjectVersion:   Dev-Physics (78F01B33-EBEA-4F98-B9B4-84EACCB95AA2): 14
LogDevObjectVersion:   Dev-Platform (6631380F-2D4D-43E0-8009-CF276956A95A): 0
LogDevObjectVersion:   Dev-Rendering (12F88B9F-8875-4AFC-A67C-D90C383ABD29): 45
LogDevObjectVersion:   Dev-Sequencer (7B5AE74C-D270-4C10-A958-57980B212A5A): 13
LogDevObjectVersion:   Dev-VR (D7296918-1DD6-4BDD-9DE2-64A83CC13884): 3
LogDevObjectVersion:   Dev-LoadTimes (C2A15278-BFE7-4AFE-6C17-90FF531DF755): 1
LogDevObjectVersion:   Private-Geometry (6EACA3D4-40EC-4CC1-B786-8BED09428FC5): 3
LogDevObjectVersion:   Dev-AnimPhys (29E575DD-E0A3-4627-9D10-D276232CDCEA): 17
LogDevObjectVersion:   Dev-Anim (AF43A65D-7FD3-4947-9873-3E8ED9C1BB05): 15
LogDevObjectVersion:   Dev-ReflectionCapture (6B266CEC-1EC7-4B8F-A30B-E4D90942FC07): 1
LogDevObjectVersion:   Dev-Automation (0DF73D61-A23F-47EA-B727-89E90C41499A): 1
LogDevObjectVersion:   FortniteMain (601D1886-AC64-4F84-AA16-D3DE0DEAC7D6): 47
LogDevObjectVersion:   FortniteRelease (E7086368-6B23-4C58-8439-1B7016265E91): 1
LogDevObjectVersion:   Dev-Enterprise (9DFFBCD6-494F-0158-E221-12823C92A888): 10
LogDevObjectVersion:   Dev-Niagara (F2AED0AC-9AFE-416F-8664-AA7FFA26D6FC): 1
LogDevObjectVersion:   Dev-Destruction (174F1F0B-B4C6-45A5-B13F-2EE8D0FB917D): 10
LogDevObjectVersion:   Dev-Physics-Ext (35F94A83-E258-406C-A318-09F59610247C): 41
LogDevObjectVersion:   Dev-PhysicsMaterial-Chaos (B68FC16E-8B1B-42E2-B453-215C058844FE): 1
LogDevObjectVersion:   Dev-CineCamera (B2E18506-4273-CFC2-A54E-F4BB758BBA07): 1
LogDevObjectVersion:   Dev-VirtualProduction (64F58936-FD1B-42BA-BA96-7289D5D0FA4E): 1
LogDevObjectVersion:   Dev-MediaFramework (6F0ED827-A609-4895-9C91-998D90180EA4): 2
LogInit: Presizing for max 25165824 objects, including 0 objects not considered by GC, pre-allocating 0 bytes for permanent pool.
LogConfig: Applying CVar settings from Section [/Script/Engine.StreamingSettings] File [C:/Games/Ctrl+It/Ctrl_It/Saved/Config/Windows/Engine.ini]
LogConfig: Setting CVar [[s.MinBulkDataSizeForAsyncLoading:131072]]
LogConfig: Setting CVar [[s.AsyncLoadingThreadEnabled:0]]
LogConfig: Setting CVar [[s.EventDrivenLoaderEnabled:1]]
LogConfig: Setting CVar [[s.WarnIfTimeLimitExceeded:0]]
LogConfig: Setting CVar [[s.TimeLimitExceededMultiplier:1.5]]
LogConfig: Setting CVar [[s.TimeLimitExceededMinTime:0.005]]
LogConfig: Setting CVar [[s.UseBackgroundLevelStreaming:1]]
LogConfig: Setting CVar [[s.PriorityAsyncLoadingExtraTime:15.0]]
LogConfig: Setting CVar [[s.LevelStreamingActorsUpdateTimeLimit:5.0]]
LogConfig: Setting CVar [[s.PriorityLevelStreamingActorsUpdateExtraTime:5.0]]
LogConfig: Setting CVar [[s.LevelStreamingComponentsRegistrationGranularity:10]]
LogConfig: Setting CVar [[s.UnregisterComponentsTimeLimit:1.0]]
LogConfig: Setting CVar [[s.LevelStreamingComponentsUnregistrationGranularity:5]]
LogConfig: Setting CVar [[s.FlushStreamingOnExit:1]]
LogInit: Object subsystem initialized
LogConfig: Setting CVar [[con.DebugEarlyDefault:1]]
LogConfig: Setting CVar [[r.setres:1280x720]]
[2022.03.07-17.18.11:456][  0]LogConfig: Setting CVar [[con.DebugEarlyDefault:1]]
[2022.03.07-17.18.11:456][  0]LogConfig: Setting CVar [[r.setres:1280x720]]
[2022.03.07-17.18.11:456][  0]LogConfig: Applying CVar settings from Section [/Script/Engine.RendererSettings] File [C:/Games/Ctrl+It/Ctrl_It/Saved/Config/Windows/Engine.ini]
[2022.03.07-17.18.11:456][  0]LogConfig: Setting CVar [[r.GPUCrashDebugging:0]]
[2022.03.07-17.18.11:456][  0]LogConfig: Setting CVar [[r.DefaultFeature.AntiAliasing:0]]
[2022.03.07-17.18.11:456][  0]LogConfig: Setting CVar [[r.TextureStreaming:0]]
[2022.03.07-17.18.11:456][  0]LogConfig: Applying CVar settings from Section [/Script/Engine.RendererOverrideSettings] File [C:/Games/Ctrl+It/Ctrl_It/Saved/Config/Windows/Engine.ini]
[2022.03.07-17.18.11:456][  0]LogConfig: Applying CVar settings from Section [/Script/Engine.StreamingSettings] File [C:/Games/Ctrl+It/Ctrl_It/Saved/Config/Windows/Engine.ini]
[2022.03.07-17.18.11:456][  0]LogConfig: Setting CVar [[s.MinBulkDataSizeForAsyncLoading:131072]]
[2022.03.07-17.18.11:457][  0]LogConfig: Setting CVar [[s.AsyncLoadingThreadEnabled:0]]
[2022.03.07-17.18.11:457][  0]LogConfig: Setting CVar [[s.EventDrivenLoaderEnabled:1]]
[2022.03.07-17.18.11:457][  0]LogConfig: Setting CVar [[s.WarnIfTimeLimitExceeded:0]]
[2022.03.07-17.18.11:457][  0]LogConfig: Setting CVar [[s.TimeLimitExceededMultiplier:1.5]]
[2022.03.07-17.18.11:457][  0]LogConfig: Setting CVar [[s.TimeLimitExceededMinTime:0.005]]
[2022.03.07-17.18.11:457][  0]LogConfig: Setting CVar [[s.UseBackgroundLevelStreaming:1]]
[2022.03.07-17.18.11:457][  0]LogConfig: Setting CVar [[s.PriorityAsyncLoadingExtraTime:15.0]]
[2022.03.07-17.18.11:457][  0]LogConfig: Setting CVar [[s.LevelStreamingActorsUpdateTimeLimit:5.0]]
[2022.03.07-17.18.11:457][  0]LogConfig: Setting CVar [[s.PriorityLevelStreamingActorsUpdateExtraTime:5.0]]
[2022.03.07-17.18.11:457][  0]LogConfig: Setting CVar [[s.LevelStreamingComponentsRegistrationGranularity:10]]
[2022.03.07-17.18.11:457][  0]LogConfig: Setting CVar [[s.UnregisterComponentsTimeLimit:1.0]]
[2022.03.07-17.18.11:457][  0]LogConfig: Setting CVar [[s.LevelStreamingComponentsUnregistrationGranularity:5]]
[2022.03.07-17.18.11:457][  0]LogConfig: Setting CVar [[s.FlushStreamingOnExit:1]]
[2022.03.07-17.18.11:457][  0]LogConfig: Applying CVar settings from Section [/Script/Engine.GarbageCollectionSettings] File [C:/Games/Ctrl+It/Ctrl_It/Saved/Config/Windows/Engine.ini]
[2022.03.07-17.18.11:457][  0]LogConfig: Setting CVar [[gc.MaxObjectsNotConsideredByGC:1]]
[2022.03.07-17.18.11:457][  0]LogConfig: Setting CVar [[gc.SizeOfPermanentObjectPool:0]]
[2022.03.07-17.18.11:457][  0]LogConfig: Setting CVar [[gc.FlushStreamingOnGC:0]]
[2022.03.07-17.18.11:457][  0]LogConfig: Setting CVar [[gc.NumRetriesBeforeForcingGC:10]]
[2022.03.07-17.18.11:457][  0]LogConfig: Setting CVar [[gc.AllowParallelGC:1]]
[2022.03.07-17.18.11:457][  0]LogConfig: Setting CVar [[gc.TimeBetweenPurgingPendingKillObjects:61.1]]
[2022.03.07-17.18.11:457][  0]LogConfig: Setting CVar [[gc.MaxObjectsInEditor:25165824]]
[2022.03.07-17.18.11:457][  0]LogConfig: Setting CVar [[gc.IncrementalBeginDestroyEnabled:1]]
[2022.03.07-17.18.11:457][  0]LogConfig: Setting CVar [[gc.CreateGCClusters:1]]
[2022.03.07-17.18.11:457][  0]LogConfig: Setting CVar [[gc.MinGCClusterSize:5]]
[2022.03.07-17.18.11:457][  0]LogConfig: Setting CVar [[gc.ActorClusteringEnabled:0]]
[2022.03.07-17.18.11:457][  0]LogConfig: Setting CVar [[gc.BlueprintClusteringEnabled:0]]
[2022.03.07-17.18.11:457][  0]LogConfig: Setting CVar [[gc.UseDisregardForGCOnDedicatedServers:0]]
[2022.03.07-17.18.11:457][  0]LogConfig: Setting CVar [[gc.MultithreadedDestructionEnabled:1]]
[2022.03.07-17.18.11:457][  0]LogConfig: Applying CVar settings from Section [/Script/Engine.NetworkSettings] File [C:/Games/Ctrl+It/Ctrl_It/Saved/Config/Windows/Engine.ini]
[2022.03.07-17.18.11:457][  0]LogConfig: Applying CVar settings from Section [/Script/UnrealEd.CookerSettings] File [C:/Games/Ctrl+It/Ctrl_It/Saved/Config/Windows/Engine.ini]
[2022.03.07-17.18.11:471][  0]LogConfig: Applying CVar settings from Section [ViewDistanceQuality@3] File [C:/Games/Ctrl+It/Ctrl_It/Saved/Config/Windows/Scalability.ini]
[2022.03.07-17.18.11:471][  0]LogConfig: Setting CVar [[r.SkeletalMeshLODBias:0]]
[2022.03.07-17.18.11:471][  0]LogConfig: Setting CVar [[r.ViewDistanceScale:1.0]]
[2022.03.07-17.18.11:471][  0]LogConfig: Applying CVar settings from Section [AntiAliasingQuality@3] File [C:/Games/Ctrl+It/Ctrl_It/Saved/Config/Windows/Scalability.ini]
[2022.03.07-17.18.11:471][  0]LogConfig: Setting CVar [[r.PostProcessAAQuality:4]]
[2022.03.07-17.18.11:472][  0]LogConfig: Applying CVar settings from Section [ShadowQuality@3] File [C:/Games/Ctrl+It/Ctrl_It/Saved/Config/Windows/Scalability.ini]
[2022.03.07-17.18.11:472][  0]LogConfig: Setting CVar [[r.LightFunctionQuality:1]]
[2022.03.07-17.18.11:472][  0]LogConfig: Setting CVar [[r.ShadowQuality:5]]
[2022.03.07-17.18.11:472][  0]LogConfig: Setting CVar [[r.Shadow.CSM.MaxCascades:10]]
[2022.03.07-17.18.11:472][  0]LogConfig: Setting CVar [[r.Shadow.MaxResolution:2048]]
[2022.03.07-17.18.11:472][  0]LogConfig: Setting CVar [[r.Shadow.MaxCSMResolution:2048]]
[2022.03.07-17.18.11:472][  0]LogConfig: Setting CVar [[r.Shadow.RadiusThreshold:0.01]]
[2022.03.07-17.18.11:472][  0]LogConfig: Setting CVar [[r.Shadow.DistanceScale:1.0]]
[2022.03.07-17.18.11:472][  0]LogConfig: Setting CVar [[r.Shadow.CSM.TransitionScale:1.0]]
[2022.03.07-17.18.11:472][  0]LogConfig: Setting CVar [[r.Shadow.PreShadowResolutionFactor:1.0]]
[2022.03.07-17.18.11:472][  0]LogConfig: Setting CVar [[r.DistanceFieldShadowing:1]]
[2022.03.07-17.18.11:472][  0]LogConfig: Setting CVar [[r.DistanceFieldAO:1]]
[2022.03.07-17.18.11:472][  0]LogConfig: Setting CVar [[r.AOQuality:2]]
[2022.03.07-17.18.11:472][  0]LogConfig: Setting CVar [[r.VolumetricFog:1]]
[2022.03.07-17.18.11:472][  0]LogConfig: Setting CVar [[r.VolumetricFog.GridPixelSize:8]]
[2022.03.07-17.18.11:472][  0]LogConfig: Setting CVar [[r.VolumetricFog.GridSizeZ:128]]
[2022.03.07-17.18.11:472][  0]LogConfig: Setting CVar [[r.VolumetricFog.HistoryMissSupersampleCount:4]]
[2022.03.07-17.18.11:472][  0]LogConfig: Setting CVar [[r.LightMaxDrawDistanceScale:1]]
[2022.03.07-17.18.11:472][  0]LogConfig: Setting CVar [[r.CapsuleShadows:1]]
[2022.03.07-17.18.11:472][  0]LogConfig: Applying CVar settings from Section [PostProcessQuality@3] File [C:/Games/Ctrl+It/Ctrl_It/Saved/Config/Windows/Scalability.ini]
[2022.03.07-17.18.11:472][  0]LogConfig: Setting CVar [[r.MotionBlurQuality:4]]
[2022.03.07-17.18.11:472][  0]LogConfig: Setting CVar [[r.AmbientOcclusionMipLevelFactor:0.4]]
[2022.03.07-17.18.11:472][  0]LogConfig: Setting CVar [[r.AmbientOcclusionMaxQuality:100]]
[2022.03.07-17.18.11:472][  0]LogConfig: Setting CVar [[r.AmbientOcclusionLevels:-1]]
[2022.03.07-17.18.11:472][  0]LogConfig: Setting CVar [[r.AmbientOcclusionRadiusScale:1.0]]
[2022.03.07-17.18.11:472][  0]LogConfig: Setting CVar [[r.DepthOfFieldQuality:2]]
[2022.03.07-17.18.11:472][  0]LogConfig: Setting CVar [[r.RenderTargetPoolMin:400]]
[2022.03.07-17.18.11:472][  0]LogConfig: Setting CVar [[r.LensFlareQuality:2]]
[2022.03.07-17.18.11:472][  0]LogConfig: Setting CVar [[r.SceneColorFringeQuality:1]]
[2022.03.07-17.18.11:472][  0]LogConfig: Setting CVar [[r.EyeAdaptationQuality:2]]
[2022.03.07-17.18.11:472][  0]LogConfig: Setting CVar [[r.BloomQuality:5]]
[2022.03.07-17.18.11:472][  0]LogConfig: Setting CVar [[r.FastBlurThreshold:100]]
[2022.03.07-17.18.11:472][  0]LogConfig: Setting CVar [[r.Upscale.Quality:3]]
[2022.03.07-17.18.11:472][  0]LogConfig: Setting CVar [[r.Tonemapper.GrainQuantization:1]]
[2022.03.07-17.18.11:472][  0]LogConfig: Setting CVar [[r.LightShaftQuality:1]]
[2022.03.07-17.18.11:472][  0]LogConfig: Setting CVar [[r.Filter.SizeScale:1]]
[2022.03.07-17.18.11:472][  0]LogConfig: Setting CVar [[r.Tonemapper.Quality:5]]
[2022.03.07-17.18.11:472][  0]LogConfig: Setting CVar [[r.DOF.Gather.AccumulatorQuality:1        ; higher gathering accumulator quality]]
[2022.03.07-17.18.11:472][  0]LogConfig: Setting CVar [[r.DOF.Gather.PostfilterMethod:1          ; Median3x3 postfilering method]]
[2022.03.07-17.18.11:472][  0]LogConfig: Setting CVar [[r.DOF.Gather.EnableBokehSettings:0       ; no bokeh simulation when gathering]]
[2022.03.07-17.18.11:472][  0]LogConfig: Setting CVar [[r.DOF.Gather.RingCount:4                 ; medium number of samples when gathering]]
[2022.03.07-17.18.11:472][  0]LogConfig: Setting CVar [[r.DOF.Scatter.ForegroundCompositing:1    ; additive foreground scattering]]
[2022.03.07-17.18.11:472][  0]LogConfig: Setting CVar [[r.DOF.Scatter.BackgroundCompositing:2    ; additive background scattering]]
[2022.03.07-17.18.11:472][  0]LogConfig: Setting CVar [[r.DOF.Scatter.EnableBokehSettings:1      ; bokeh simulation when scattering]]
[2022.03.07-17.18.11:472][  0]LogConfig: Setting CVar [[r.DOF.Scatter.MaxSpriteRatio:0.1         ; only a maximum of 10% of scattered bokeh]]
[2022.03.07-17.18.11:472][  0]LogConfig: Setting CVar [[r.DOF.Recombine.Quality:1                ; cheap slight out of focus]]
[2022.03.07-17.18.11:472][  0]LogConfig: Setting CVar [[r.DOF.Recombine.EnableBokehSettings:0    ; no bokeh simulation on slight out of focus]]
[2022.03.07-17.18.11:472][  0]LogConfig: Setting CVar [[r.DOF.TemporalAAQuality:1                ; more stable temporal accumulation]]
[2022.03.07-17.18.11:472][  0]LogConfig: Setting CVar [[r.DOF.Kernel.MaxForegroundRadius:0.025]]
[2022.03.07-17.18.11:472][  0]LogConfig: Setting CVar [[r.DOF.Kernel.MaxBackgroundRadius:0.025]]
[2022.03.07-17.18.11:472][  0]LogConfig: Applying CVar settings from Section [TextureQuality@3] File [C:/Games/Ctrl+It/Ctrl_It/Saved/Config/Windows/Scalability.ini]
[2022.03.07-17.18.11:472][  0]LogConfig: Setting CVar [[r.Streaming.MipBias:0]]
[2022.03.07-17.18.11:472][  0]LogConfig: Setting CVar [[r.Streaming.AmortizeCPUToGPUCopy:0]]
[2022.03.07-17.18.11:472][  0]LogConfig: Setting CVar [[r.Streaming.MaxNumTexturesToStreamPerFrame:0]]
[2022.03.07-17.18.11:472][  0]LogConfig: Setting CVar [[r.Streaming.Boost:1]]
[2022.03.07-17.18.11:472][  0]LogConfig: Setting CVar [[r.MaxAnisotropy:8]]
[2022.03.07-17.18.11:472][  0]LogConfig: Setting CVar [[r.VT.MaxAnisotropy:8]]
[2022.03.07-17.18.11:472][  0]LogConfig: Setting CVar [[r.Streaming.LimitPoolSizeToVRAM:0]]
[2022.03.07-17.18.11:472][  0]LogConfig: Setting CVar [[r.Streaming.PoolSize:1000]]
[2022.03.07-17.18.11:472][  0]LogConfig: Setting CVar [[r.Streaming.MaxEffectiveScreenSize:0]]
[2022.03.07-17.18.11:472][  0]LogConfig: Applying CVar settings from Section [EffectsQuality@3] File [C:/Games/Ctrl+It/Ctrl_It/Saved/Config/Windows/Scalability.ini]
[2022.03.07-17.18.11:472][  0]LogConfig: Setting CVar [[r.TranslucencyLightingVolumeDim:64]]
[2022.03.07-17.18.11:472][  0]LogConfig: Setting CVar [[r.RefractionQuality:2]]
[2022.03.07-17.18.11:472][  0]LogConfig: Setting CVar [[r.SSR.Quality:3]]
[2022.03.07-17.18.11:472][  0]LogConfig: Setting CVar [[r.SSR.HalfResSceneColor:0]]
[2022.03.07-17.18.11:472][  0]LogConfig: Setting CVar [[r.SceneColorFormat:4]]
[2022.03.07-17.18.11:472][  0]LogConfig: Setting CVar [[r.DetailMode:2]]
[2022.03.07-17.18.11:472][  0]LogConfig: Setting CVar [[r.TranslucencyVolumeBlur:1]]
[2022.03.07-17.18.11:472][  0]LogConfig: Setting CVar [[r.MaterialQualityLevel:1 ; High quality]]
[2022.03.07-17.18.11:472][  0]LogConfig: Setting CVar [[r.AnisotropicMaterials:1]]
[2022.03.07-17.18.11:472][  0]LogConfig: Setting CVar [[r.SSS.Scale:1]]
[2022.03.07-17.18.11:472][  0]LogConfig: Setting CVar [[r.SSS.SampleSet:2]]
[2022.03.07-17.18.11:472][  0]LogConfig: Setting CVar [[r.SSS.Quality:1]]
[2022.03.07-17.18.11:472][  0]LogConfig: Setting CVar [[r.SSS.HalfRes:0]]
[2022.03.07-17.18.11:472][  0]LogConfig: Setting CVar [[r.SSGI.Quality:3]]
[2022.03.07-17.18.11:472][  0]LogConfig: Setting CVar [[r.EmitterSpawnRateScale:1.0]]
[2022.03.07-17.18.11:472][  0]LogConfig: Setting CVar [[r.ParticleLightQuality:2]]
[2022.03.07-17.18.11:472][  0]LogConfig: Setting CVar [[r.SkyAtmosphere.AerialPerspectiveLUT.FastApplyOnOpaque:1 ; Always have FastSkyLUT 1 in this case to avoid wrong sky]]
[2022.03.07-17.18.11:472][  0]LogConfig: Setting CVar [[r.SkyAtmosphere.AerialPerspectiveLUT.SampleCountMaxPerSlice:4]]
[2022.03.07-17.18.11:472][  0]LogConfig: Setting CVar [[r.SkyAtmosphere.AerialPerspectiveLUT.DepthResolution:16.0]]
[2022.03.07-17.18.11:472][  0]LogConfig: Setting CVar [[r.SkyAtmosphere.FastSkyLUT:1]]
[2022.03.07-17.18.11:472][  0]LogConfig: Setting CVar [[r.SkyAtmosphere.FastSkyLUT.SampleCountMin:4.0]]
[2022.03.07-17.18.11:472][  0]LogConfig: Setting CVar [[r.SkyAtmosphere.FastSkyLUT.SampleCountMax:128.0]]
[2022.03.07-17.18.11:472][  0]LogConfig: Setting CVar [[r.SkyAtmosphere.SampleCountMin:4.0]]
[2022.03.07-17.18.11:472][  0]LogConfig: Setting CVar [[r.SkyAtmosphere.SampleCountMax:128.0]]
[2022.03.07-17.18.11:472][  0]LogConfig: Setting CVar [[r.SkyAtmosphere.TransmittanceLUT.UseSmallFormat:0]]
[2022.03.07-17.18.11:472][  0]LogConfig: Setting CVar [[r.SkyAtmosphere.TransmittanceLUT.SampleCount:10.0]]
[2022.03.07-17.18.11:472][  0]LogConfig: Setting CVar [[r.SkyAtmosphere.MultiScatteringLUT.SampleCount:15.0]]
[2022.03.07-17.18.11:472][  0]LogConfig: Setting CVar [[r.SkyLight.RealTimeReflectionCapture:1]]
[2022.03.07-17.18.11:472][  0]LogConfig: Applying CVar settings from Section [FoliageQuality@3] File [C:/Games/Ctrl+It/Ctrl_It/Saved/Config/Windows/Scalability.ini]
[2022.03.07-17.18.11:472][  0]LogConfig: Setting CVar [[foliage.DensityScale:1.0]]
[2022.03.07-17.18.11:472][  0]LogConfig: Setting CVar [[grass.DensityScale:1.0]]
[2022.03.07-17.18.11:472][  0]LogConfig: Applying CVar settings from Section [ShadingQuality@3] File [C:/Games/Ctrl+It/Ctrl_It/Saved/Config/Windows/Scalability.ini]
[2022.03.07-17.18.11:472][  0]LogConfig: Setting CVar [[r.HairStrands.SkyLighting.IntegrationType:2]]
[2022.03.07-17.18.11:472][  0]LogConfig: Setting CVar [[r.HairStrands.SkyAO.SampleCount:4]]
[2022.03.07-17.18.11:472][  0]LogConfig: Setting CVar [[r.HairStrands.Visibility.MSAA.SamplePerPixel:4]]
[2022.03.07-17.18.11:473][  0]LogInit: Selected Device Profile: [Windows]
[2022.03.07-17.18.11:473][  0]LogInit: Applying CVar settings loaded from the selected device profile: [Windows]
[2022.03.07-17.18.11:473][  0]LogHAL: Display: Platform has ~ 32 GB [34287620096 / 34359738368 / 32], which maps to Largest [LargestMinGB=32, LargerMinGB=12, DefaultMinGB=8, SmallerMinGB=6, SmallestMinGB=0)
[2022.03.07-17.18.11:473][  0]LogInit: Going up to parent DeviceProfile []
[2022.03.07-17.18.11:473][  0]LogConfig: Applying CVar settings from Section [ViewDistanceQuality@3] File [C:/Games/Ctrl+It/Ctrl_It/Saved/Config/Windows/Scalability.ini]
[2022.03.07-17.18.11:473][  0]LogConfig: Setting CVar [[r.SkeletalMeshLODBias:0]]
[2022.03.07-17.18.11:473][  0]LogConfig: Setting CVar [[r.ViewDistanceScale:1.0]]
[2022.03.07-17.18.11:473][  0]LogConfig: Applying CVar settings from Section [AntiAliasingQuality@3] File [C:/Games/Ctrl+It/Ctrl_It/Saved/Config/Windows/Scalability.ini]
[2022.03.07-17.18.11:473][  0]LogConfig: Setting CVar [[r.PostProcessAAQuality:4]]
[2022.03.07-17.18.11:473][  0]LogConfig: Applying CVar settings from Section [ShadowQuality@3] File [C:/Games/Ctrl+It/Ctrl_It/Saved/Config/Windows/Scalability.ini]
[2022.03.07-17.18.11:473][  0]LogConfig: Setting CVar [[r.LightFunctionQuality:1]]
[2022.03.07-17.18.11:473][  0]LogConfig: Setting CVar [[r.ShadowQuality:5]]
[2022.03.07-17.18.11:473][  0]LogConfig: Setting CVar [[r.Shadow.CSM.MaxCascades:10]]
[2022.03.07-17.18.11:473][  0]LogConfig: Setting CVar [[r.Shadow.MaxResolution:2048]]
[2022.03.07-17.18.11:473][  0]LogConfig: Setting CVar [[r.Shadow.MaxCSMResolution:2048]]
[2022.03.07-17.18.11:473][  0]LogConfig: Setting CVar [[r.Shadow.RadiusThreshold:0.01]]
[2022.03.07-17.18.11:473][  0]LogConfig: Setting CVar [[r.Shadow.DistanceScale:1.0]]
[2022.03.07-17.18.11:473][  0]LogConfig: Setting CVar [[r.Shadow.CSM.TransitionScale:1.0]]
[2022.03.07-17.18.11:473][  0]LogConfig: Setting CVar [[r.Shadow.PreShadowResolutionFactor:1.0]]
[2022.03.07-17.18.11:473][  0]LogConfig: Setting CVar [[r.DistanceFieldShadowing:1]]
[2022.03.07-17.18.11:473][  0]LogConfig: Setting CVar [[r.DistanceFieldAO:1]]
[2022.03.07-17.18.11:473][  0]LogConfig: Setting CVar [[r.AOQuality:2]]
[2022.03.07-17.18.11:473][  0]LogConfig: Setting CVar [[r.VolumetricFog:1]]
[2022.03.07-17.18.11:473][  0]LogConfig: Setting CVar [[r.VolumetricFog.GridPixelSize:8]]
[2022.03.07-17.18.11:473][  0]LogConfig: Setting CVar [[r.VolumetricFog.GridSizeZ:128]]
[2022.03.07-17.18.11:473][  0]LogConfig: Setting CVar [[r.VolumetricFog.HistoryMissSupersampleCount:4]]
[2022.03.07-17.18.11:473][  0]LogConfig: Setting CVar [[r.LightMaxDrawDistanceScale:1]]
[2022.03.07-17.18.11:473][  0]LogConfig: Setting CVar [[r.CapsuleShadows:1]]
[2022.03.07-17.18.11:473][  0]LogConfig: Applying CVar settings from Section [PostProcessQuality@3] File [C:/Games/Ctrl+It/Ctrl_It/Saved/Config/Windows/Scalability.ini]
[2022.03.07-17.18.11:473][  0]LogConfig: Setting CVar [[r.MotionBlurQuality:4]]
[2022.03.07-17.18.11:473][  0]LogConfig: Setting CVar [[r.AmbientOcclusionMipLevelFactor:0.4]]
[2022.03.07-17.18.11:473][  0]LogConfig: Setting CVar [[r.AmbientOcclusionMaxQuality:100]]
[2022.03.07-17.18.11:473][  0]LogConfig: Setting CVar [[r.AmbientOcclusionLevels:-1]]
[2022.03.07-17.18.11:473][  0]LogConfig: Setting CVar [[r.AmbientOcclusionRadiusScale:1.0]]
[2022.03.07-17.18.11:473][  0]LogConfig: Setting CVar [[r.DepthOfFieldQuality:2]]
[2022.03.07-17.18.11:473][  0]LogConfig: Setting CVar [[r.RenderTargetPoolMin:400]]
[2022.03.07-17.18.11:473][  0]LogConfig: Setting CVar [[r.LensFlareQuality:2]]
[2022.03.07-17.18.11:473][  0]LogConfig: Setting CVar [[r.SceneColorFringeQuality:1]]
[2022.03.07-17.18.11:473][  0]LogConfig: Setting CVar [[r.EyeAdaptationQuality:2]]
[2022.03.07-17.18.11:473][  0]LogConfig: Setting CVar [[r.BloomQuality:5]]
[2022.03.07-17.18.11:473][  0]LogConfig: Setting CVar [[r.FastBlurThreshold:100]]
[2022.03.07-17.18.11:473][  0]LogConfig: Setting CVar [[r.Upscale.Quality:3]]
[2022.03.07-17.18.11:473][  0]LogConfig: Setting CVar [[r.Tonemapper.GrainQuantization:1]]
[2022.03.07-17.18.11:473][  0]LogConfig: Setting CVar [[r.LightShaftQuality:1]]
[2022.03.07-17.18.11:473][  0]LogConfig: Setting CVar [[r.Filter.SizeScale:1]]
[2022.03.07-17.18.11:473][  0]LogConfig: Setting CVar [[r.Tonemapper.Quality:5]]
[2022.03.07-17.18.11:473][  0]LogConfig: Setting CVar [[r.DOF.Gather.AccumulatorQuality:1        ; higher gathering accumulator quality]]
[2022.03.07-17.18.11:473][  0]LogConfig: Setting CVar [[r.DOF.Gather.PostfilterMethod:1          ; Median3x3 postfilering method]]
[2022.03.07-17.18.11:473][  0]LogConfig: Setting CVar [[r.DOF.Gather.EnableBokehSettings:0       ; no bokeh simulation when gathering]]
[2022.03.07-17.18.11:473][  0]LogConfig: Setting CVar [[r.DOF.Gather.RingCount:4                 ; medium number of samples when gathering]]
[2022.03.07-17.18.11:473][  0]LogConfig: Setting CVar [[r.DOF.Scatter.ForegroundCompositing:1    ; additive foreground scattering]]
[2022.03.07-17.18.11:473][  0]LogConfig: Setting CVar [[r.DOF.Scatter.BackgroundCompositing:2    ; additive background scattering]]
[2022.03.07-17.18.11:473][  0]LogConfig: Setting CVar [[r.DOF.Scatter.EnableBokehSettings:1      ; bokeh simulation when scattering]]
[2022.03.07-17.18.11:473][  0]LogConfig: Setting CVar [[r.DOF.Scatter.MaxSpriteRatio:0.1         ; only a maximum of 10% of scattered bokeh]]
[2022.03.07-17.18.11:473][  0]LogConfig: Setting CVar [[r.DOF.Recombine.Quality:1                ; cheap slight out of focus]]
[2022.03.07-17.18.11:473][  0]LogConfig: Setting CVar [[r.DOF.Recombine.EnableBokehSettings:0    ; no bokeh simulation on slight out of focus]]
[2022.03.07-17.18.11:473][  0]LogConfig: Setting CVar [[r.DOF.TemporalAAQuality:1                ; more stable temporal accumulation]]
[2022.03.07-17.18.11:473][  0]LogConfig: Setting CVar [[r.DOF.Kernel.MaxForegroundRadius:0.025]]
[2022.03.07-17.18.11:473][  0]LogConfig: Setting CVar [[r.DOF.Kernel.MaxBackgroundRadius:0.025]]
[2022.03.07-17.18.11:473][  0]LogConfig: Applying CVar settings from Section [TextureQuality@3] File [C:/Games/Ctrl+It/Ctrl_It/Saved/Config/Windows/Scalability.ini]
[2022.03.07-17.18.11:473][  0]LogConfig: Setting CVar [[r.Streaming.MipBias:0]]
[2022.03.07-17.18.11:473][  0]LogConfig: Setting CVar [[r.Streaming.AmortizeCPUToGPUCopy:0]]
[2022.03.07-17.18.11:473][  0]LogConfig: Setting CVar [[r.Streaming.MaxNumTexturesToStreamPerFrame:0]]
[2022.03.07-17.18.11:473][  0]LogConfig: Setting CVar [[r.Streaming.Boost:1]]
[2022.03.07-17.18.11:473][  0]LogConfig: Setting CVar [[r.MaxAnisotropy:8]]
[2022.03.07-17.18.11:473][  0]LogConfig: Setting CVar [[r.VT.MaxAnisotropy:8]]
[2022.03.07-17.18.11:473][  0]LogConfig: Setting CVar [[r.Streaming.LimitPoolSizeToVRAM:0]]
[2022.03.07-17.18.11:473][  0]LogConfig: Setting CVar [[r.Streaming.PoolSize:1000]]
[2022.03.07-17.18.11:473][  0]LogConfig: Setting CVar [[r.Streaming.MaxEffectiveScreenSize:0]]
[2022.03.07-17.18.11:473][  0]LogConfig: Applying CVar settings from Section [EffectsQuality@3] File [C:/Games/Ctrl+It/Ctrl_It/Saved/Config/Windows/Scalability.ini]
[2022.03.07-17.18.11:473][  0]LogConfig: Setting CVar [[r.TranslucencyLightingVolumeDim:64]]
[2022.03.07-17.18.11:473][  0]LogConfig: Setting CVar [[r.RefractionQuality:2]]
[2022.03.07-17.18.11:473][  0]LogConfig: Setting CVar [[r.SSR.Quality:3]]
[2022.03.07-17.18.11:473][  0]LogConfig: Setting CVar [[r.SSR.HalfResSceneColor:0]]
[2022.03.07-17.18.11:473][  0]LogConfig: Setting CVar [[r.SceneColorFormat:4]]
[2022.03.07-17.18.11:473][  0]LogConfig: Setting CVar [[r.DetailMode:2]]
[2022.03.07-17.18.11:473][  0]LogConfig: Setting CVar [[r.TranslucencyVolumeBlur:1]]
[2022.03.07-17.18.11:473][  0]LogConfig: Setting CVar [[r.MaterialQualityLevel:1 ; High quality]]
[2022.03.07-17.18.11:473][  0]LogConfig: Setting CVar [[r.AnisotropicMaterials:1]]
[2022.03.07-17.18.11:473][  0]LogConfig: Setting CVar [[r.SSS.Scale:1]]
[2022.03.07-17.18.11:473][  0]LogConfig: Setting CVar [[r.SSS.SampleSet:2]]
[2022.03.07-17.18.11:473][  0]LogConfig: Setting CVar [[r.SSS.Quality:1]]
[2022.03.07-17.18.11:473][  0]LogConfig: Setting CVar [[r.SSS.HalfRes:0]]
[2022.03.07-17.18.11:473][  0]LogConfig: Setting CVar [[r.SSGI.Quality:3]]
[2022.03.07-17.18.11:473][  0]LogConfig: Setting CVar [[r.EmitterSpawnRateScale:1.0]]
[2022.03.07-17.18.11:473][  0]LogConfig: Setting CVar [[r.ParticleLightQuality:2]]
[2022.03.07-17.18.11:474][  0]LogConfig: Setting CVar [[r.SkyAtmosphere.AerialPerspectiveLUT.FastApplyOnOpaque:1 ; Always have FastSkyLUT 1 in this case to avoid wrong sky]]
[2022.03.07-17.18.11:474][  0]LogConfig: Setting CVar [[r.SkyAtmosphere.AerialPerspectiveLUT.SampleCountMaxPerSlice:4]]
[2022.03.07-17.18.11:474][  0]LogConfig: Setting CVar [[r.SkyAtmosphere.AerialPerspectiveLUT.DepthResolution:16.0]]
[2022.03.07-17.18.11:474][  0]LogConfig: Setting CVar [[r.SkyAtmosphere.FastSkyLUT:1]]
[2022.03.07-17.18.11:474][  0]LogConfig: Setting CVar [[r.SkyAtmosphere.FastSkyLUT.SampleCountMin:4.0]]
[2022.03.07-17.18.11:474][  0]LogConfig: Setting CVar [[r.SkyAtmosphere.FastSkyLUT.SampleCountMax:128.0]]
[2022.03.07-17.18.11:474][  0]LogConfig: Setting CVar [[r.SkyAtmosphere.SampleCountMin:4.0]]
[2022.03.07-17.18.11:474][  0]LogConfig: Setting CVar [[r.SkyAtmosphere.SampleCountMax:128.0]]
[2022.03.07-17.18.11:474][  0]LogConfig: Setting CVar [[r.SkyAtmosphere.TransmittanceLUT.UseSmallFormat:0]]
[2022.03.07-17.18.11:474][  0]LogConfig: Setting CVar [[r.SkyAtmosphere.TransmittanceLUT.SampleCount:10.0]]
[2022.03.07-17.18.11:474][  0]LogConfig: Setting CVar [[r.SkyAtmosphere.MultiScatteringLUT.SampleCount:15.0]]
[2022.03.07-17.18.11:474][  0]LogConfig: Setting CVar [[r.SkyLight.RealTimeReflectionCapture:1]]
[2022.03.07-17.18.11:474][  0]LogConfig: Applying CVar settings from Section [FoliageQuality@3] File [C:/Games/Ctrl+It/Ctrl_It/Saved/Config/Windows/Scalability.ini]
[2022.03.07-17.18.11:474][  0]LogConfig: Setting CVar [[foliage.DensityScale:1.0]]
[2022.03.07-17.18.11:474][  0]LogConfig: Setting CVar [[grass.DensityScale:1.0]]
[2022.03.07-17.18.11:474][  0]LogConfig: Applying CVar settings from Section [ShadingQuality@3] File [C:/Games/Ctrl+It/Ctrl_It/Saved/Config/Windows/Scalability.ini]
[2022.03.07-17.18.11:474][  0]LogConfig: Setting CVar [[r.HairStrands.SkyLighting.IntegrationType:2]]
[2022.03.07-17.18.11:474][  0]LogConfig: Setting CVar [[r.HairStrands.SkyAO.SampleCount:4]]
[2022.03.07-17.18.11:474][  0]LogConfig: Setting CVar [[r.HairStrands.Visibility.MSAA.SamplePerPixel:4]]
[2022.03.07-17.18.11:474][  0]LogConfig: Applying CVar settings from Section [Startup] File [../../../Engine/Config/ConsoleVariables.ini]
[2022.03.07-17.18.11:478][  0]LogConfig: Setting CVar [[net.UseAdaptiveNetUpdateFrequency:0]]
[2022.03.07-17.18.11:478][  0]LogConfig: Setting CVar [[p.chaos.AllowCreatePhysxBodies:1]]
[2022.03.07-17.18.11:478][  0]LogConfig: Setting CVar [[fx.SkipVectorVMBackendOptimizations:1]]
[2022.03.07-17.18.11:478][  0]LogConfig: Applying CVar settings from Section [ConsoleVariables] File [C:/Games/Ctrl+It/Ctrl_It/Saved/Config/Windows/Engine.ini]
[2022.03.07-17.18.11:478][  0]LogConfig: Applying CVar settings from Section [ConsoleVariables] File [C:/Games/Ctrl+It/Ctrl_It/Saved/Config/Windows/Editor.ini]
[2022.03.07-17.18.11:478][  0]LogInit: Computer: DESKTOP-LGQ5TKE
[2022.03.07-17.18.11:478][  0]LogInit: User: Brave
[2022.03.07-17.18.11:478][  0]LogInit: CPU Page size=4096, Cores=8
[2022.03.07-17.18.11:478][  0]LogInit: High frequency timer resolution =10.000000 MHz
[2022.03.07-17.18.11:478][  0]LogMemory: Memory total: Physical=31.9GB (32GB approx)
[2022.03.07-17.18.11:478][  0]LogMemory: Platform Memory Stats for Windows
[2022.03.07-17.18.11:478][  0]LogMemory: Process Physical Memory: 147.24 MB used, 147.25 MB peak
[2022.03.07-17.18.11:478][  0]LogMemory: Process Virtual Memory: 123.09 MB used, 123.09 MB peak
[2022.03.07-17.18.11:478][  0]LogMemory: Physical Memory: 9793.10 MB used,  22906.12 MB free, 32699.22 MB total
[2022.03.07-17.18.11:478][  0]LogMemory: Virtual Memory: 134194048.00 MB used,  23683.87 MB free, 134217728.00 MB total
[2022.03.07-17.18.11:483][  0]LogWindows: WindowsPlatformFeatures enabled
[2022.03.07-17.18.11:625][  0]LogInit: Physics initialised using underlying interface: PhysX
[2022.03.07-17.18.11:626][  0]LogInit: Using OS detected language (en-US).
[2022.03.07-17.18.11:626][  0]LogInit: Using OS detected locale (en-ID).
[2022.03.07-17.18.11:630][  0]LogTextLocalizationManager: No specific localization for 'en-US' exists, so the 'en' localization will be used.
[2022.03.07-17.18.11:853][  0]LogWindowsTextInputMethodSystem: Display: IME system deactivated.
[2022.03.07-17.18.11:893][  0]LogSlate: New Slate User Created.  User Index 0, Is Virtual User: 0
[2022.03.07-17.18.11:893][  0]LogSlate: Slate User Registered.  User Index 0, Is Virtual User: 0
[2022.03.07-17.18.11:927][  0]LogD3D11RHI: Loaded GFSDK_Aftermath_Lib.x64.dll
[2022.03.07-17.18.11:930][  0]LogHMD: Failed to initialize OpenVR with code 110
[2022.03.07-17.18.11:930][  0]LogD3D11RHI: D3D11 min allowed feature level: 11_0
[2022.03.07-17.18.11:930][  0]LogD3D11RHI: D3D11 max allowed feature level: 11_0
[2022.03.07-17.18.11:930][  0]LogD3D11RHI: D3D11 adapters:
[2022.03.07-17.18.12:109][  0]LogD3D11RHI:    0. 'NVIDIA GeForce RTX 2080 SUPER' (Feature Level 11_0)
[2022.03.07-17.18.12:109][  0]LogD3D11RHI:       8010/0/16349 MB DedicatedVideo/DedicatedSystem/SharedSystem, Outputs:1, VendorId:0x10de
[2022.03.07-17.18.12:111][  0]LogD3D11RHI:    1. 'Microsoft Basic Render Driver' (Feature Level 11_0)
[2022.03.07-17.18.12:111][  0]LogD3D11RHI:       0/0/16349 MB DedicatedVideo/DedicatedSystem/SharedSystem, Outputs:0, VendorId:0x1414
[2022.03.07-17.18.12:111][  0]LogD3D11RHI: Chosen D3D11 Adapter:
[2022.03.07-17.18.12:111][  0]LogD3D11RHI:     Description : NVIDIA GeForce RTX 2080 SUPER
[2022.03.07-17.18.12:111][  0]LogD3D11RHI:     VendorId    : 10de
[2022.03.07-17.18.12:111][  0]LogD3D11RHI:     DeviceId    : 1e81
[2022.03.07-17.18.12:111][  0]LogD3D11RHI:     SubSysId    : 3fe91458
[2022.03.07-17.18.12:111][  0]LogD3D11RHI:     Revision    : 00a1
[2022.03.07-17.18.12:111][  0]LogD3D11RHI:     DedicatedVideoMemory : 8399093760 bytes
[2022.03.07-17.18.12:111][  0]LogD3D11RHI:     DedicatedSystemMemory : 0 bytes
[2022.03.07-17.18.12:111][  0]LogD3D11RHI:     SharedSystemMemory : 17143810048 bytes
[2022.03.07-17.18.12:111][  0]LogD3D11RHI:     AdapterLuid : 0 218978909
[2022.03.07-17.18.12:116][  0]LogD3D11RHI: Creating new Direct3DDevice
[2022.03.07-17.18.12:116][  0]LogD3D11RHI:     GPU DeviceId: 0x1e81 (for the marketing name, search the web for "GPU Device Id")
[2022.03.07-17.18.12:116][  0]LogWindows: EnumDisplayDevices:
[2022.03.07-17.18.12:116][  0]LogWindows:    0. 'NVIDIA GeForce RTX 2080 SUPER' (P:1 D:1)
[2022.03.07-17.18.12:116][  0]LogWindows:    1. 'NVIDIA GeForce RTX 2080 SUPER' (P:0 D:0)
[2022.03.07-17.18.12:116][  0]LogWindows:    2. 'NVIDIA GeForce RTX 2080 SUPER' (P:0 D:0)
[2022.03.07-17.18.12:117][  0]LogWindows:    3. 'NVIDIA GeForce RTX 2080 SUPER' (P:0 D:0)
[2022.03.07-17.18.12:117][  0]LogWindows: DebugString: FoundDriverCount:4 
[2022.03.07-17.18.12:117][  0]LogD3D11RHI:     Adapter Name: NVIDIA GeForce RTX 2080 SUPER
[2022.03.07-17.18.12:117][  0]LogD3D11RHI:   Driver Version: 511.79 (internal:30.0.15.1179, unified:511.79)
[2022.03.07-17.18.12:117][  0]LogD3D11RHI:      Driver Date: 2-10-2022
[2022.03.07-17.18.12:117][  0]LogRHI: Texture pool is 5607 MB (70% of 8010 MB)
[2022.03.07-17.18.12:117][  0]LogD3D11RHI: Creating D3DDevice using adapter:
[2022.03.07-17.18.12:117][  0]LogD3D11RHI:     Description : NVIDIA GeForce RTX 2080 SUPER
[2022.03.07-17.18.12:117][  0]LogD3D11RHI:     VendorId    : 10de
[2022.03.07-17.18.12:117][  0]LogD3D11RHI:     DeviceId    : 1e81
[2022.03.07-17.18.12:117][  0]LogD3D11RHI:     SubSysId    : 3fe91458
[2022.03.07-17.18.12:117][  0]LogD3D11RHI:     Revision    : 00a1
[2022.03.07-17.18.12:117][  0]LogD3D11RHI:     DedicatedVideoMemory : 8399093760 bytes
[2022.03.07-17.18.12:117][  0]LogD3D11RHI:     DedicatedSystemMemory : 0 bytes
[2022.03.07-17.18.12:117][  0]LogD3D11RHI:     SharedSystemMemory : 17143810048 bytes
[2022.03.07-17.18.12:117][  0]LogD3D11RHI:     AdapterLuid : 0 218978909
[2022.03.07-17.18.12:165][  0]LogD3D11RHI: RHI has support for 64 bit atomics
[2022.03.07-17.18.12:165][  0]LogD3D11RHI: Async texture creation enabled
[2022.03.07-17.18.12:165][  0]LogD3D11RHI: Array index from any shader is supported
[2022.03.07-17.18.12:178][  0]LogD3D11RHI: GPU Timing Frequency: 1000.000000 (Debug: 2 1)
[2022.03.07-17.18.12:225][  0]LogRHI: GeForceNow SDK initialized: 1
[2022.03.07-17.18.12:507][  0]LogTargetPlatformManager: Display: Loaded TargetPlatform 'WindowsNoEditor'
[2022.03.07-17.18.12:511][  0]LogTargetPlatformManager: Display: Loaded TargetPlatform 'Windows'
[2022.03.07-17.18.12:514][  0]LogTargetPlatformManager: Display: Loaded TargetPlatform 'WindowsClient'
[2022.03.07-17.18.12:518][  0]LogTargetPlatformManager: Display: Loaded TargetPlatform 'WindowsServer'
[2022.03.07-17.18.12:518][  0]LogTargetPlatformManager: Display: Building Assets For Windows
[2022.03.07-17.18.12:552][  0]LogAudioDebug: Display: Lib vorbis DLL was dynamically loaded.
[2022.03.07-17.18.12:598][  0]LogTextureFormatOodle: Display: Oodle Texture 2.9.0 init RDO Off
[2022.03.07-17.18.12:652][  0]LogRendererCore: Ray tracing is disabled. Reason: r.RayTracing=0.
[2022.03.07-17.18.12:652][  0]LogShaderCompilers: Guid format shader working directory is 6 characters bigger than the processId version (../../../../../../Games/Ctrl+It/Ctrl_It/Intermediate/Shaders/WorkingDirectory/13376/).
[2022.03.07-17.18.12:652][  0]LogShaderCompilers: Cleaned the shader compiler working directory 'C:/Users/Brave/AppData/Local/Temp/UnrealShaderWorkingDir/CA3DB00A4A415EC43E8B4398871CDC9A/'.
[2022.03.07-17.18.12:652][  0]LogXGEController: Cannot use XGE Controller as Incredibuild is not installed on this machine.
[2022.03.07-17.18.12:652][  0]LogShaderCompilers: Cannot use XGE Shader Compiler as Incredibuild is not installed on this machine.
[2022.03.07-17.18.12:652][  0]LogShaderCompilers: Display: Using Local Shader Compiler.
[2022.03.07-17.18.14:852][  0]LogDerivedDataCache: Display: Max Cache Size: 512 MB
[2022.03.07-17.18.14:923][  0]LogDerivedDataCache: Loaded boot cache 0.07s 145MB C:/Users/Brave/AppData/Local/UnrealEngine/4.27/DerivedDataCache/Boot.ddc.
[2022.03.07-17.18.14:923][  0]LogDerivedDataCache: Display: Loaded Boot cache: C:/Users/Brave/AppData/Local/UnrealEngine/4.27/DerivedDataCache/Boot.ddc
[2022.03.07-17.18.14:923][  0]LogDerivedDataCache: FDerivedDataBackendGraph:  Pak pak cache file ../../../../../../Games/Ctrl+It/Ctrl_It/DerivedDataCache/DDC.ddp not found, will not use a pak cache.
[2022.03.07-17.18.14:923][  0]LogDerivedDataCache: Unable to find inner node Pak for hierarchical cache Hierarchy.
[2022.03.07-17.18.14:923][  0]LogDerivedDataCache: FDerivedDataBackendGraph:  CompressedPak pak cache file ../../../../../../Games/Ctrl+It/Ctrl_It/DerivedDataCache/Compressed.ddp not found, will not use a pak cache.
[2022.03.07-17.18.14:923][  0]LogDerivedDataCache: Unable to find inner node CompressedPak for hierarchical cache Hierarchy.
[2022.03.07-17.18.14:943][  0]LogDerivedDataCache: Display: Pak cache opened for reading ../../../Engine/DerivedDataCache/Compressed.ddp.
[2022.03.07-17.18.14:943][  0]LogDerivedDataCache: FDerivedDataBackendGraph:  EnterprisePak pak cache file ../../../Enterprise/DerivedDataCache/Compressed.ddp not found, will not use a pak cache.
[2022.03.07-17.18.14:943][  0]LogDerivedDataCache: Unable to find inner node EnterprisePak for hierarchical cache Hierarchy.
[2022.03.07-17.18.14:975][  0]LogDerivedDataCache: Speed tests for C:/Users/Brave/AppData/Local/UnrealEngine/Common/DerivedDataCache took 0.03 seconds
[2022.03.07-17.18.14:975][  0]LogDerivedDataCache: Display: Performance to C:/Users/Brave/AppData/Local/UnrealEngine/Common/DerivedDataCache: Latency=0.02ms. RandomReadSpeed=32.15MBs, RandomWriteSpeed=289.52MBs. Assigned SpeedClass 'Local'
[2022.03.07-17.18.14:976][  0]LogDerivedDataCache: Using Local data cache path C:/Users/Brave/AppData/Local/UnrealEngine/Common/DerivedDataCache: Writable
[2022.03.07-17.18.14:976][  0]LogDerivedDataCache: Shared data cache path not found in *engine.ini, will not use an Shared cache.
[2022.03.07-17.18.14:976][  0]LogDerivedDataCache: Unable to find inner node Shared for hierarchical cache Hierarchy.
[2022.03.07-17.18.15:006][  0]LogSlate: Using FreeType 2.10.0
[2022.03.07-17.18.15:018][  0]LogSlate: SlateFontServices - WITH_FREETYPE: 1, WITH_HARFBUZZ: 1
[2022.03.07-17.18.15:084][  0]LogInit: Using OS detected language (en-US).
[2022.03.07-17.18.15:084][  0]LogInit: Using OS detected locale (en-ID).
[2022.03.07-17.18.15:084][  0]LogTextLocalizationManager: No localization for 'en-US' exists, so 'en' will be used for the language.
[2022.03.07-17.18.15:084][  0]LogTextLocalizationManager: No localization for 'en-ID' exists, so 'en' will be used for the locale.
[2022.03.07-17.18.15:084][  0]LogSlate: FontCache flush requested. Reason: Culture for localization was changed
[2022.03.07-17.18.15:084][  0]LogSlate: FontCache flush requested. Reason: Culture for localization was changed
[2022.03.07-17.18.15:086][  0]LogTextLocalizationManager: Compacting localization data took   0.00ms
[2022.03.07-17.18.15:086][  0]LogAssetRegistry: FAssetRegistry took 0.0013 seconds to start up
[2022.03.07-17.18.15:214][  0]LogPackageLocalizationCache: Processed 27 localized package path(s) for 1 prioritized culture(s) in 0.000907 seconds
[2022.03.07-17.18.15:267][  0]LogInit: Selected Device Profile: [Windows]
[2022.03.07-17.18.15:267][  0]LogInit: Active device profile: [0000019114BD8F00][000001910B9F9900 49] Windows
[2022.03.07-17.18.15:267][  0]LogInit: Profiles: [0000019114BD8F00][000001910B9F9900 49] Windows, [0000019114B8E500][000001910BA01A80 49] WindowsNoEditor, [0000019114BD9F00][000001910BA05C00 49] WindowsServer, [0000019114B8D600][000001910BC64200 49] WindowsClient, [0000019114BD9200][000001910BC68380 49] IOS, [0000019114B8FB00][000001910BC6C500 49] iPadAir, [0000019114BDB300][000001910BC70680 49] iPadAir2, [0000019114B3D300][000001910BC78940 49] IPadPro, [0000019114B3D400][000001910BC74980 49] iPadAir3, [0000019114B8CB00][000001910BC7CB00 49] iPadAir4, [0000019114B3E100][000001910BC80C80 49] iPadMini2, [0000019114B8F500][000001910BC84E00 49] iPadMini3, [0000019114B3EC00][000001910BC88F80 49] iPadMini4, [0000019114B8E700][000001910BC8D100 49] iPadMini5, [0000019114B44E00][000001910BC953C0 49] iPhone6, [0000019114B44F00][000001910BC91400 49] iPodTouch6, [0000019114BDB700][000001910BC9D6C0 49] iPhone7, [0000019114BDA800][000001910BC99700 49] iPodTouch7, [0000019114B3D100][000001910B9FD840 49] iPhone5S, [0000019114BD9100][000001910BCA1980 49] iPhone6Plus, [0000019114B3EA00][000001910BCA5AC0 49] iPhone6S, [0000019114BD9A00][000001910BCAC0C0 49] iPhone6SPlus, [0000019114B44100][000001910C46E240 49] iPhone7Plus, [0000019114B3DD00][000001910C4723C0 49] iPhoneSE, [0000019114B44C00][000001910C476540 49] iPhone8, [0000019114B3C400][000001910C47A6C0 49] iPhone8Plus, [0000019114B46A00][000001910C47E840 49] iPhoneX, [0000019114B3FC00][000001910C4829C0 49] iPhoneXS, [0000019114B46900][000001910C486B40 49] iPhoneXSMax, [0000019114B3CB00][000001910C48ACC0 49] iPhoneXR, [0000019114BDB800][000001910C48EE40 49] iPhone11, [0000019114B3FD00][000001910C492FC0 49] iPhone11Pro, [0000019114BD9B00][000001910C497140 49] iPhone11ProMax, [0000019114B3D500][000001910C49B2C0 49] iPhoneSE2, [0000019114BD9E00][000001910C49F440 49] iPhone12Mini, [0000019114B3F100][000001910C4A35C0 49] iPhone12, [0000019114BDB400][000001910C4A7740 49] iPhone12Pro, [0000019114B3CD00][000001910C4AB8C0 49] iPhone12ProMax, [0000019114BDBC00][000001910BCA9A00 49] iPadPro105, [0000019114B3F700][000001910C4AFB40 49] iPadPro129, [0000019114BDAA00][000001910C4B2100 49] iPadPro97, [0000019114B3C900][000001910C4BA280 49] iPadPro2_129, [0000019114BD8800][000001910C4BE400 49] iPad5, [0000019114B3D000][000001910C4C2580 49] iPad6, [0000019114BD8400][000001910C4C6700 49] iPad7, [0000019114B3EB00][000001910C4CA880 49] iPad8, [0000019114BD9400][000001910C4CEA00 49] iPadPro11, [0000019114B3D800][000001910C4D2B80 49] iPadPro2_11, [0000019114BD8900][000001910C4D6D00 49] iPadPro3_129, [0000019114B3E800][000001910C4DAE80 49] iPadPro4_129, [0000019114BDAE00][000001910C4DF000 49] AppleTV, [0000019114B3D900][000001910C4E3180 49] AppleTV4K, [0000019114BD8500][000001910C4E7300 49] TVOS, [0000019114B3F000][000001910C4EB480 49] Mac, [0000019114BDA300][000001910C4EF600 49] MacClient, [0000019114B3FE00][000001910C4F3780 49] MacNoEditor, [0000019114BD9000][000001910C4F7900 49] MacServer, [0000019114B3C500][000001910C4FBA80 49] Linux, [0000019114BDAB00][000001910C4B7BC0 49] LinuxAArch64, [0000019114B3ED00][000001910C4FE180 49] LinuxNoEditor, [0000019114BDA100][000001910C5022C0 49] LinuxAArch64NoEditor, [0000019114B3EF00][000001910C50A440 49] LinuxClient, [0000019114BDA600][000001910C50E5C0 49] LinuxAArch64Client, [0000019114B3E200][000001910C512740 49] LinuxServer, [0000019114BD8700][000001910C5168C0 49] LinuxAArch64Server, [0000019114B3E600][000001910C51AA40 49] Android, [0000019114BDA200][000001910C51EBC0 49] Android_Low, [0000019114B3F200][000001910C522D40 49] Android_Mid, [0000019114BD8600][000001910C526EC0 49] Android_High, [0000019114B3CE00][000001910C52B040 49] Android_Default, [0000019114BD9300][000001910C52F1C0 49] Android_Adreno4xx, [0000019114B3D600][000001910C533340 49] Android_Adreno5xx_Low, [0000019114BDBB00][000001910C5374C0 49] Android_Adreno5xx, [0000019114B3FA00][000001910C53B640 49] Android_Adreno6xx, [0000019114BD8B00][000001910C53F7C0 49] Android_Adreno6xx_Vulkan, [0000019114B3C300][000001910C543940 49] Android_Mali_T6xx, [0000019114BDB900][000001910C547AC0 49] Android_Mali_T7xx, [0000019114B8D500][000001910C54A0C0 49] Android_Mali_T8xx, [0000019114B44500][000001910C506200 49] Android_Mali_G71, [0000019114B8C600][000001910C54E340 49] Android_Mali_G72, [0000019114B44300][000001910C552480 49] Android_Mali_G72_Vulkan, [0000019114B8F400][000001910C5565C0 49] Android_Mali_G76, [0000019114B45000][000001910C55E740 49] Android_Mali_G76_Vulkan, [0000019114B8E100][000001910C5628C0 49] Android_Mali_G77, [0000019114B46F00][000001910C566A40 49] Android_Mali_G77_Vulkan, [0000019114B8CE00][000001910C56ABC0 49] Android_Mali_G78, [0000019114B47100][000001910C56ED40 49] Android_Mali_G78_Vulkan, [0000019114B8C800][000001910C572EC0 49] Android_Mali_G710, [0000019114B45B00][000001910C577040 49] Android_Mali_G710_Vulkan, [0000019114B8F700][000001910C57B1C0 49] Android_Vulkan_SM5, [0000019114B47500][000001910C57F340 49] Android_PowerVR_G6xxx, [0000019114B8DA00][000001910C5834C0 49] Android_PowerVR_GT7xxx, [0000019114B45D00][000001910C587640 49] Android_PowerVR_GE8xxx, [0000019114B8EE00][000001910C58B7C0 49] Android_PowerVR_GM9xxx, [0000019114B44800][000001910C58F940 49] Android_PowerVR_GM9xxx_Vulkan, [0000019114B8F200][000001910C593AC0 49] Android_TegraK1, [0000019114B45200][000001910C5960C0 49] Android_Unknown_Vulkan, [0000019114B8E400][000001910C59A240 49] Lumin, [0000019114B47700][000001910C55A380 49] Lumin_Desktop, [0000019114B8E900][000001910C59E4C0 49] HoloLens, 
[2022.03.07-17.18.15:347][  0]LogMeshReduction: Using QuadricMeshReduction for automatic static mesh reduction
[2022.03.07-17.18.15:347][  0]LogMeshReduction: Using SimplygonMeshReduction for automatic skeletal mesh reduction
[2022.03.07-17.18.15:347][  0]LogMeshReduction: Using ProxyLODMeshReduction for automatic mesh merging
[2022.03.07-17.18.15:347][  0]LogMeshReduction: No distributed automatic mesh merging module available
[2022.03.07-17.18.15:347][  0]LogMeshMerging: No distributed automatic mesh merging module available
[2022.03.07-17.18.15:456][  0]LogNetVersion: Ctrl_It 1.0.0, NetCL: 17155196, EngineNetVer: 17, GameNetVer: 0 (Checksum: 1550062711)
[2022.03.07-17.18.16:021][  0]LogTexture: Default maximum texture size for cubemaps generated from long-lat sources has been changed from 512 to unlimited. In order to preserve old behaiour for '/Engine/MapTemplates/Sky/DaylightAmbientCubemap.DaylightAmbientCubemap', its maximum texture size has been explicitly set to 512.
[2022.03.07-17.18.16:103][  0]LogHMD: PokeAHoleMaterial loaded successfully
[2022.03.07-17.18.16:212][  0]LogMoviePlayer: Initializing movie player
[2022.03.07-17.18.16:327][  0]LogNiagaraDebuggerClient: Niagara Debugger Client Initialized | Session: FAF3CD5143AD9DC50140A5A9137BC8DB | Instance: A922E5D240D70A9263E7A9889C7BDE97 (DESKTOP-LGQ5TKE-13376).
[2022.03.07-17.18.16:342][  0]LogCollectionManager: Loaded 0 collections in 0.001485 seconds
[2022.03.07-17.18.16:344][  0]LogFileCache: Scanning file cache for directory 'C:/Games/Ctrl+It/Ctrl_It/Saved/Collections/' took 0.00s
[2022.03.07-17.18.16:344][  0]LogFileCache: Scanning file cache for directory 'C:/Games/Ctrl+It/Ctrl_It/Content/Developers/Brave/Collections/' took 0.00s
[2022.03.07-17.18.16:344][  0]LogFileCache: Scanning file cache for directory 'C:/Games/Ctrl+It/Ctrl_It/Content/Collections/' took 0.00s
[2022.03.07-17.18.16:344][  0]LogCollectionManager: Fixed up redirectors for 0 collections in 0.000002 seconds (updated 0 objects)
[2022.03.07-17.18.16:444][  0]LogPython: Using Python 3.7.7
[2022.03.07-17.18.16:938][  0]LogTcpMessaging: Initializing TcpMessaging bridge
[2022.03.07-17.18.16:941][  0]LogUdpMessaging: Initializing bridge on interface 0.0.0.0:0 to multicast group 230.0.0.1:6666.
[2022.03.07-17.18.17:006][  0]SourceControl: Source control is disabled
[2022.03.07-17.18.17:006][  0]SourceControl: Source control is disabled
[2022.03.07-17.18.17:008][  0]SourceControl: Source control is disabled
[2022.03.07-17.18.17:014][  0]LogUProjectInfo: Found projects:
[2022.03.07-17.18.17:019][  0]LogVSAccessor: Display: Unable to create Visual Studio setup instance: 80040154
[2022.03.07-17.18.17:020][  0]LogVSAccessor: Display: Unable to create Visual Studio setup instance: 80040154
[2022.03.07-17.18.17:020][  0]LogVSAccessor: Display: Unable to create Visual Studio setup instance: 80040154
[2022.03.07-17.18.17:085][  0]LogOpenImageDenoise: OIDN starting up
[2022.03.07-17.18.17:102][  0]LogAndroidPermission: UAndroidPermissionCallbackProxy::GetInstance
[2022.03.07-17.18.17:116][  0]LogAudioCaptureCore: Display: No Audio Capture implementations found. Audio input will be silent.
[2022.03.07-17.18.17:116][  0]LogAudioCaptureCore: Display: No Audio Capture implementations found. Audio input will be silent.
[2022.03.07-17.18.17:178][  0]LogOcInput: OculusInput pre-init called
[2022.03.07-17.18.17:186][  0]LogUObjectArray: 22121 objects as part of root set at end of initial load.
[2022.03.07-17.18.17:186][  0]LogUObjectAllocator: 5975632 out of 0 bytes used by permanent object pool.
[2022.03.07-17.18.17:186][  0]LogUObjectArray: CloseDisregardForGC: 0/0 objects in disregard for GC pool
[2022.03.07-17.18.17:236][  0]LogEngine: Initializing Engine...
[2022.03.07-17.18.17:270][  0]LogHMD: Failed to enumerate extensions. Please check that you have a valid OpenXR runtime installed.
[2022.03.07-17.18.17:270][  0]LogHMD: Failed to initialize OpenVR with code 110
[2022.03.07-17.18.17:270][  0]LogMagicLeap: Warning: VR disabled because ZI is not enabled.  To enable, in the editor, Edit -> Project Settings -> Plugins -> Magic Leap Plugin -> Enable Zero Iteration
[2022.03.07-17.18.17:271][  0]LogStats: UGameplayTagsManager::InitializeManager -  0.000 s
[2022.03.07-17.18.17:429][  0]LogInit: Initializing FReadOnlyCVARCache
[2022.03.07-17.18.17:429][  0]LogAudio: Display: Initializing Audio Device Manager...
[2022.03.07-17.18.17:432][  0]LogAudio: Display: Loading Default Audio Settings Objects...
[2022.03.07-17.18.17:435][  0]LogAudio: Display: No default SoundConcurrencyObject specified (or failed to load).
[2022.03.07-17.18.17:435][  0]LogAudio: Display: Audio Device Manager Initialized
[2022.03.07-17.18.17:435][  0]LogAudio: Display: Creating Audio Device:                 Id: 1, Scope: Shared, Realtime: True
[2022.03.07-17.18.17:435][  0]LogAudioMixer: Display: Audio Mixer Platform Settings:
[2022.03.07-17.18.17:435][  0]LogAudioMixer: Display: 	Sample Rate:						  48000
[2022.03.07-17.18.17:435][  0]LogAudioMixer: Display: 	Callback Buffer Frame Size Requested: 1024
[2022.03.07-17.18.17:436][  0]LogAudioMixer: Display: 	Callback Buffer Frame Size To Use:	  1024
[2022.03.07-17.18.17:436][  0]LogAudioMixer: Display: 	Number of buffers to queue:			  2
[2022.03.07-17.18.17:436][  0]LogAudioMixer: Display: 	Max Channels (voices):				  32
[2022.03.07-17.18.17:436][  0]LogAudioMixer: Display: 	Number of Async Source Workers:		  0
[2022.03.07-17.18.17:436][  0]LogAudio: Display: AudioDevice MaxSources: 32
[2022.03.07-17.18.17:436][  0]LogAudio: Display: Audio Spatialization Plugin: None (built-in).
[2022.03.07-17.18.17:436][  0]LogAudio: Display: Audio Reverb Plugin: None (built-in).
[2022.03.07-17.18.17:436][  0]LogAudio: Display: Audio Occlusion Plugin: None (built-in).
[2022.03.07-17.18.17:436][  0]LogAudioMixer: Display: Initializing audio mixer.
[2022.03.07-17.18.17:447][  0]LogAudioMixer: Display: 0: FrontLeft
[2022.03.07-17.18.17:447][  0]LogAudioMixer: Display: 1: FrontRight
[2022.03.07-17.18.17:466][  0]LogAudioMixer: Display: Using Audio Device Logitech Speakers (Realtek(R) Audio)
[2022.03.07-17.18.17:468][  0]LogAudioMixer: Display: Initializing Sound Submixes...
[2022.03.07-17.18.17:483][  0]LogAudioMixer: Display: Creating Master Submix 'MasterSubmixDefault'
[2022.03.07-17.18.17:483][  0]LogAudioMixer: Display: Creating Master Submix 'MasterReverbSubmixDefault'
[2022.03.07-17.18.17:484][  0]LogAudioMixer: Display: Creating Master Submix 'MasterEQSubmixDefault'
[2022.03.07-17.18.17:484][  0]LogAudioMixer: FMixerPlatformXAudio2::StartAudioStream() called
[2022.03.07-17.18.17:484][  0]LogAudioMixer: Display: Output buffers initialized: Frames=1024, Channels=2, Samples=2048
[2022.03.07-17.18.17:485][  0]LogAudioMixer: Display: Starting AudioMixerPlatformInterface::RunInternal()
[2022.03.07-17.18.17:485][  0]LogAudioMixer: Display: FMixerPlatformXAudio2::SubmitBuffer() called for the first time
[2022.03.07-17.18.17:485][  0]LogInit: FAudioDevice initialized.
[2022.03.07-17.18.17:486][  0]LogNetVersion: Set ProjectVersion to 1.0.0.0. Version Checksum will be recalculated on next use.
[2022.03.07-17.18.17:489][  0]LogInit: Texture streaming: Disabled
[2022.03.07-17.18.17:632][  0]LogAudio: Display: Audio Device (ID: 1) registered with world 'Untitled'.
[2022.03.07-17.18.17:632][  0]LogSlate: Updating window title bar state: overlay mode, drag disabled, window buttons hidden, title bar hidden
[2022.03.07-17.18.17:633][  0]LogInit: Display: Game Engine Initialized.
[2022.03.07-17.18.17:633][  0]LogNiagaraEditor: GEditor isn't valid! Particle reset commands will not work for Niagara components!
[2022.03.07-17.18.17:717][  0]LogInit: Display: Starting Game.
[2022.03.07-17.18.17:717][  0]LogNet: Browse: /Game/Ctrl+It/MainMenu/Blueprint/Maps/Level_MainMenu?Name=Player
[2022.03.07-17.18.17:717][  0]LogLoad: LoadMap: /Game/Ctrl+It/MainMenu/Blueprint/Maps/Level_MainMenu?Name=Player
[2022.03.07-17.18.17:717][  0]LogWorld: BeginTearingDown for /Temp/Untitled_0
[2022.03.07-17.18.17:718][  0]LogWorld: UWorld::CleanupWorld for Untitled, bSessionEnded=true, bCleanupResources=true
[2022.03.07-17.18.17:718][  0]LogSlate: InvalidateAllWidgets triggered.  All widgets were invalidated
[2022.03.07-17.18.17:722][  0]LogAudio: Display: Audio Device unregistered from world 'None'.
[2022.03.07-17.18.17:724][  0]LogUObjectHash: Compacting FUObjectHashTables data took   0.63ms
[2022.03.07-17.18.17:798][  0]LogAudio: Display: Audio Device (ID: 1) registered with world 'Level_MainMenu'.
[2022.03.07-17.18.17:804][  0]LogAIModule: Creating AISystem for world Level_MainMenu
[2022.03.07-17.18.17:804][  0]LogLoad: Game class is 'BP_GameMode_MainMenu_C'
[2022.03.07-17.18.17:805][  0]LogWorld: Bringing World /Game/Ctrl+It/MainMenu/Blueprint/Maps/Level_MainMenu.Level_MainMenu up for play (max tick rate 0) at 2022.03.08-00.18.17
[2022.03.07-17.18.17:805][  0]LogWorld: Bringing up level for play took: 0.000327
[2022.03.07-17.18.17:805][  0]LogGameMode: FindPlayerStart: PATHS NOT DEFINED or NO PLAYERSTART with positive rating
[2022.03.07-17.18.17:807][  0]LogLoad: Took 0.090313 seconds to LoadMap(/Game/Ctrl+It/MainMenu/Blueprint/Maps/Level_MainMenu)
[2022.03.07-17.18.17:874][  0]LogRenderer: Reallocating scene render targets to support 1912x1008 Format 10 NumSamples 1 (Frame:1).
[2022.03.07-17.18.17:874][  0]LogSlate: Took 0.004056 seconds to synchronously load lazily loaded font '../../../Engine/Content/Slate/Fonts/Roboto-Regular.ttf' (155K)
[2022.03.07-17.18.17:914][  0]LogInit: Display: Engine is initialized. Leaving FEngineLoop::Init()
[2022.03.07-17.18.17:914][  0]LogLoad: (Engine Initialization) Total time: 8.02 seconds
[2022.03.07-17.18.17:914][  0]LogLoad: (Engine Initialization) Total Blueprint compile time: 0.00 seconds
[2022.03.07-17.18.17:918][  0]LogSlate: InvalidateAllWidgets triggered.  All widgets were invalidated
[2022.03.07-17.18.17:933][  1]LogSlate: Took 0.000105 seconds to synchronously load lazily loaded font '../../../Engine/Content/Slate/Fonts/Roboto-Regular.ttf' (155K)
[2022.03.07-17.18.43:620][227]LogPackageName: SearchForPackageOnDisk took   0.070s to resolve Level_01_Village.umap.
[2022.03.07-17.18.43:688][227]LogPackageName: SearchForPackageOnDisk took   0.068s to resolve Level_01_Village.umap.
[2022.03.07-17.18.43:688][227]LogNet: Browse: /Game/Ctrl+It/Level01/Blueprint/Maps/Level_01_Village
[2022.03.07-17.18.43:688][227]LogLoad: LoadMap: /Game/Ctrl+It/Level01/Blueprint/Maps/Level_01_Village
[2022.03.07-17.18.43:688][227]LogWorld: BeginTearingDown for /Game/Ctrl+It/MainMenu/Blueprint/Maps/Level_MainMenu
[2022.03.07-17.18.43:689][227]LogWorld: UWorld::CleanupWorld for Level_MainMenu, bSessionEnded=true, bCleanupResources=true
[2022.03.07-17.18.43:689][227]LogSlate: InvalidateAllWidgets triggered.  All widgets were invalidated
[2022.03.07-17.18.43:719][227]LogAudio: Display: Audio Device unregistered from world 'None'.
[2022.03.07-17.18.43:721][227]LogUObjectHash: Compacting FUObjectHashTables data took   0.56ms
[2022.03.07-17.18.43:935][227]LogAudio: Display: Audio Device (ID: 1) registered with world 'Level_01_Village'.
[2022.03.07-17.18.43:936][227]LogAIModule: Creating AISystem for world Level_01_Village
[2022.03.07-17.18.43:936][227]LogLoad: Game class is 'BP_GameModePlatformer_Level01_C'
[2022.03.07-17.18.43:938][227]LogWorld: Bringing World /Game/Ctrl+It/Level01/Blueprint/Maps/Level_01_Village.Level_01_Village up for play (max tick rate 0) at 2022.03.08-00.18.43
[2022.03.07-17.18.43:938][227]LogWorld: Bringing up level for play took: 0.001236
[2022.03.07-17.18.43:939][227]LogLoad: Took 0.250280 seconds to LoadMap(/Game/Ctrl+It/Level01/Blueprint/Maps/Level_01_Village)
[2022.03.07-17.18.57:802][884]LogSlate: Window 'Ctrl+It (64-bit Development PCD3D_SM5) ' being destroyed
[2022.03.07-17.18.57:802][884]LogWindowsTextInputMethodSystem: Display: IME system deactivated.
[2022.03.07-17.18.57:808][884]LogSlate: Updating window title bar state: overlay mode, drag disabled, window buttons hidden, title bar hidden
[2022.03.07-17.18.57:808][884]LogEngine: All Windows Closed
[2022.03.07-17.18.57:808][884]LogWindows: FPlatformMisc::RequestExit(0)
[2022.03.07-17.18.57:808][884]LogWindows: FPlatformMisc::RequestExitWithStatus(0, 0)
[2022.03.07-17.18.57:808][884]LogCore: Engine exit requested (reason: Win RequestExit)
[2022.03.07-17.18.57:808][885]LogCore: Engine exit requested (reason: EngineExit() was called; note: exit was already requested)
[2022.03.07-17.18.57:808][885]LogInit: Display: PreExit Game.
[2022.03.07-17.18.57:816][885]LogWorld: BeginTearingDown for /Game/Ctrl+It/Level01/Blueprint/Maps/Level_01_Village
[2022.03.07-17.18.57:817][885]LogWorld: UWorld::CleanupWorld for Level_01_Village, bSessionEnded=true, bCleanupResources=true
[2022.03.07-17.18.57:817][885]LogSlate: InvalidateAllWidgets triggered.  All widgets were invalidated
[2022.03.07-17.18.58:293][885]LogAudio: Display: Beginning Audio Device Manager Shutdown (Module: AudioMixerXAudio2)...
[2022.03.07-17.18.58:293][885]LogAudio: Display: Destroying 1 Remaining Audio Device(s)...
[2022.03.07-17.18.58:293][885]LogAudio: Display: Audio Device unregistered from world 'Level_01_Village'.
[2022.03.07-17.18.58:333][885]LogAudioMixer: FMixerPlatformXAudio2::StopAudioStream() called
[2022.03.07-17.18.58:334][885]LogAudioMixer: FMixerPlatformXAudio2::StopAudioStream() called
[2022.03.07-17.18.58:337][885]LogAudio: Display: Audio Device Manager Shutdown
[2022.03.07-17.18.58:339][885]LogExit: Preparing to exit.
[2022.03.07-17.18.58:967][885]LogSlate: Updating window title bar state: overlay mode, drag disabled, window buttons hidden, title bar hidden
[2022.03.07-17.18.58:968][885]LogUObjectHash: Compacting FUObjectHashTables data took   0.61ms
[2022.03.07-17.18.58:994][885]LogMoviePlayer: Shutting down movie player
[2022.03.07-17.18.59:094][885]LogDemo: Cleaned up 0 splitscreen connections with owner deletion
[2022.03.07-17.18.59:097][885]LogExit: Game engine shut down
[2022.03.07-17.18.59:126][885]LogExit: Object subsystem successfully closed.
[2022.03.07-17.18.59:137][885]LogShaderCompilers: Display: === FShaderJobCache stats ===
[2022.03.07-17.18.59:137][885]LogShaderCompilers: Display: Total job queries 0, among them cache hits 0 (0.00%)
[2022.03.07-17.18.59:137][885]LogShaderCompilers: Display: Tracking 0 distinct input hashes that result in 0 distinct outputs (0.00%)
[2022.03.07-17.18.59:137][885]LogShaderCompilers: Display: RAM used: 0.00 MB (0.00 GB) of 1638.40 MB (1.60 GB) budget. Usage: 0.00%
[2022.03.07-17.18.59:137][885]LogShaderCompilers: Display: ================================================
[2022.03.07-17.18.59:148][885]LogShaderCompilers: Display: Shaders left to compile 0
[2022.03.07-17.18.59:161][885]LogModuleManager: Shutting down and abandoning module SequenceRecorderSections (558)
[2022.03.07-17.18.59:161][885]LogModuleManager: Shutting down and abandoning module SequenceRecorder (556)
[2022.03.07-17.18.59:161][885]LogModuleManager: Shutting down and abandoning module AutomationController (554)
[2022.03.07-17.18.59:161][885]LogModuleManager: Shutting down and abandoning module AutomationWorker (552)
[2022.03.07-17.18.59:161][885]LogModuleManager: Shutting down and abandoning module Voice (550)
[2022.03.07-17.18.59:161][885]LogModuleManager: Shutting down and abandoning module AIModule (548)
[2022.03.07-17.18.59:161][885]LogModuleManager: Shutting down and abandoning module GameplayDebugger (547)
[2022.03.07-17.18.59:161][885]LogModuleManager: Shutting down and abandoning module AITestSuite (545)
[2022.03.07-17.18.59:161][885]LogModuleManager: Shutting down and abandoning module NavigationSystem (543)
[2022.03.07-17.18.59:161][885]LogModuleManager: Shutting down and abandoning module SteamVREditor (540)
[2022.03.07-17.18.59:161][885]LogModuleManager: Shutting down and abandoning module ToolMenus (539)
[2022.03.07-17.18.59:161][885]LogModuleManager: Shutting down and abandoning module OculusMR (536)
[2022.03.07-17.18.59:161][885]LogModuleManager: Shutting down and abandoning module TakeRecorderSources (534)
[2022.03.07-17.18.59:162][885]LogModuleManager: Shutting down and abandoning module TakeRecorder (533)
[2022.03.07-17.18.59:162][885]LogModuleManager: Shutting down and abandoning module TakeTrackRecorders (530)
[2022.03.07-17.18.59:162][885]LogModuleManager: Shutting down and abandoning module TakesCore (528)
[2022.03.07-17.18.59:162][885]LogModuleManager: Shutting down and abandoning module OpenXRInput (526)
[2022.03.07-17.18.59:162][885]LogModuleManager: Shutting down and abandoning module WmfMediaFactory (524)
[2022.03.07-17.18.59:162][885]LogModuleManager: Shutting down and abandoning module WebMMediaFactory (522)
[2022.03.07-17.18.59:162][885]LogModuleManager: Shutting down and abandoning module WebMMedia (520)
[2022.03.07-17.18.59:162][885]LogModuleManager: Shutting down and abandoning module OpenExrWrapper (518)
[2022.03.07-17.18.59:162][885]LogModuleManager: Shutting down and abandoning module ImgMediaFactory (516)
[2022.03.07-17.18.59:162][885]LogModuleManager: Shutting down and abandoning module MagicLeapMediaCodecFactory (514)
[2022.03.07-17.18.59:162][885]LogModuleManager: Shutting down and abandoning module MagicLeapMediaFactory (512)
[2022.03.07-17.18.59:162][885]LogModuleManager: Shutting down and abandoning module AvfMediaFactory (510)
[2022.03.07-17.18.59:162][885]LogModuleManager: Shutting down and abandoning module PlanarCut (508)
[2022.03.07-17.18.59:162][885]LogModuleManager: Shutting down and abandoning module CharacterAI (506)
[2022.03.07-17.18.59:162][885]LogModuleManager: Shutting down and abandoning module SessionServices (504)
[2022.03.07-17.18.59:162][885]LogModuleManager: Shutting down and abandoning module MovieSceneCapture (502)
[2022.03.07-17.18.59:162][885]LogModuleManager: Shutting down and abandoning module LiveCoding (500)
[2022.03.07-17.18.59:162][885]LogModuleManager: Shutting down and abandoning module LevelSequence (498)
[2022.03.07-17.18.59:162][885]LogModuleManager: Shutting down and abandoning module MovieSceneTracks (496)
[2022.03.07-17.18.59:162][885]LogModuleManager: Shutting down and abandoning module MovieScene (494)
[2022.03.07-17.18.59:162][885]LogModuleManager: Shutting down and abandoning module StreamingPauseRendering (492)
[2022.03.07-17.18.59:162][885]LogModuleManager: Shutting down and abandoning module PortalServices (490)
[2022.03.07-17.18.59:162][885]LogModuleManager: Shutting down and abandoning module PortalRpc (488)
[2022.03.07-17.18.59:162][885]LogModuleManager: Shutting down and abandoning module MessagingRpc (486)
[2022.03.07-17.18.59:162][885]LogModuleManager: Shutting down and abandoning module AudioMixerXAudio2 (484)
[2022.03.07-17.18.59:162][885]LogModuleManager: Shutting down and abandoning module AudioMixerCore (483)
[2022.03.07-17.18.59:162][885]LogModuleManager: Shutting down and abandoning module ImageWriteQueue (480)
[2022.03.07-17.18.59:165][885]LogModuleManager: Shutting down and abandoning module ProfilerService (478)
[2022.03.07-17.18.59:275][885]LogModuleManager: Shutting down and abandoning module TaskGraph (476)
[2022.03.07-17.18.59:275][885]LogModuleManager: Shutting down and abandoning module OculusInput (474)
[2022.03.07-17.18.59:275][885]LogModuleManager: Shutting down and abandoning module TakeMovieScene (472)
[2022.03.07-17.18.59:275][885]LogModuleManager: Shutting down and abandoning module Synthesis (470)
[2022.03.07-17.18.59:275][885]LogModuleManager: Shutting down and abandoning module ProceduralMeshComponent (468)
[2022.03.07-17.18.59:275][885]LogModuleManager: Shutting down and abandoning module MobilePatchingUtils (466)
[2022.03.07-17.18.59:276][885]LogModuleManager: Shutting down and abandoning module MediaCompositing (464)
[2022.03.07-17.18.59:276][885]LogModuleManager: Shutting down and abandoning module GooglePAD (462)
[2022.03.07-17.18.59:276][885]LogModuleManager: Shutting down and abandoning module EditableMesh (460)
[2022.03.07-17.18.59:276][885]LogModuleManager: Shutting down and abandoning module CustomMeshComponent (458)
[2022.03.07-17.18.59:276][885]LogModuleManager: Shutting down and abandoning module CableComponent (456)
[2022.03.07-17.18.59:276][885]LogModuleManager: Shutting down and abandoning module AudioCapture (454)
[2022.03.07-17.18.59:276][885]LogModuleManager: Shutting down and abandoning module AudioCaptureRtAudio (453)
[2022.03.07-17.18.59:276][885]LogModuleManager: Shutting down and abandoning module AssetTags (450)
[2022.03.07-17.18.59:276][885]LogModuleManager: Shutting down and abandoning module ArchVisCharacter (448)
[2022.03.07-17.18.59:276][885]LogModuleManager: Shutting down and abandoning module AppleImageUtilsBlueprintSupport (446)
[2022.03.07-17.18.59:276][885]LogModuleManager: Shutting down and abandoning module AppleImageUtils (444)
[2022.03.07-17.18.59:276][885]LogModuleManager: Shutting down and abandoning module AndroidPermission (442)
[2022.03.07-17.18.59:276][885]LogModuleManager: Shutting down and abandoning module ActorLayerUtilities (440)
[2022.03.07-17.18.59:276][885]LogModuleManager: Shutting down and abandoning module ImgMedia (438)
[2022.03.07-17.18.59:276][885]LogModuleManager: Shutting down and abandoning module MagicLeapSharedWorld (436)
[2022.03.07-17.18.59:276][885]LogModuleManager: Shutting down and abandoning module TemplateSequence (434)
[2022.03.07-17.18.59:276][885]LogModuleManager: Shutting down and abandoning module MagicLeapLightEstimation (432)
[2022.03.07-17.18.59:276][885]LogModuleManager: Shutting down and abandoning module OpenImageDenoise (430)
[2022.03.07-17.18.59:276][885]LogOpenImageDenoise: OIDN shutting down
[2022.03.07-17.18.59:276][885]LogModuleManager: Shutting down and abandoning module MotoSynth (428)
[2022.03.07-17.18.59:276][885]LogModuleManager: Shutting down and abandoning module MeshConversion (426)
[2022.03.07-17.18.59:276][885]LogModuleManager: Shutting down and abandoning module DynamicMesh (424)
[2022.03.07-17.18.59:276][885]LogModuleManager: Shutting down and abandoning module GeometryAlgorithms (422)
[2022.03.07-17.18.59:276][885]LogModuleManager: Shutting down and abandoning module GeometricObjects (420)
[2022.03.07-17.18.59:276][885]LogModuleManager: Shutting down and abandoning module MagicLeapHelperVulkan (418)
[2022.03.07-17.18.59:276][885]LogModuleManager: Shutting down and abandoning module MagicLeapHelperOpenGL (416)
[2022.03.07-17.18.59:276][885]LogModuleManager: Shutting down and abandoning module MagicLeapAudio (414)
[2022.03.07-17.18.59:276][885]LogModuleManager: Shutting down and abandoning module GeometryCollectionTracks (412)
[2022.03.07-17.18.59:276][885]LogModuleManager: Shutting down and abandoning module GeometryCollectionSequencer (411)
[2022.03.07-17.18.59:276][885]LogModuleManager: Shutting down and abandoning module GeometryCacheTracks (408)
[2022.03.07-17.18.59:276][885]LogModuleManager: Shutting down and abandoning module GeometryCacheSequencer (407)
[2022.03.07-17.18.59:276][885]LogModuleManager: Shutting down and abandoning module GeometryCache (404)
[2022.03.07-17.18.59:276][885]LogModuleManager: Shutting down and abandoning module GeometryCacheEd (403)
[2022.03.07-17.18.59:276][885]LogModuleManager: Shutting down and abandoning module ChaosNiagara (400)
[2022.03.07-17.18.59:276][885]LogModuleManager: Shutting down and abandoning module FieldSystemEngine (399)
[2022.03.07-17.18.59:276][885]LogModuleManager: Shutting down and abandoning module AutomationUtils (396)
[2022.03.07-17.18.59:276][885]LogModuleManager: Shutting down and abandoning module BackChannel (394)
[2022.03.07-17.18.59:276][885]LogModuleManager: Shutting down and abandoning module VisualStudioSourceCodeAccess (392)
[2022.03.07-17.18.59:276][885]LogModuleManager: Shutting down and abandoning module HotReload (391)
[2022.03.07-17.18.59:276][885]LogModuleManager: Shutting down and abandoning module VisualStudioCodeSourceCodeAccess (388)
[2022.03.07-17.18.59:276][885]LogModuleManager: Shutting down and abandoning module UObjectPlugin (386)
[2022.03.07-17.18.59:276][885]LogModuleManager: Shutting down and abandoning module OodleNetworkHandlerComponent (384)
[2022.03.07-17.18.59:276][885]LogModuleManager: Shutting down and abandoning module SubversionSourceControl (382)
[2022.03.07-17.18.59:276][885]LogModuleManager: Shutting down and abandoning module PerforceSourceControl (380)
[2022.03.07-17.18.59:276][885]LogModuleManager: Shutting down and abandoning module SourceControl (379)
[2022.03.07-17.18.59:276][885]LogModuleManager: Shutting down and abandoning module CLionSourceCodeAccess (376)
[2022.03.07-17.18.59:276][885]LogModuleManager: Shutting down and abandoning module LiveLinkSequencer (374)
[2022.03.07-17.18.59:276][885]LogModuleManager: Shutting down and abandoning module LiveLinkMovieScene (372)
[2022.03.07-17.18.59:276][885]LogModuleManager: Shutting down and abandoning module LiveLinkGraphNode (370)
[2022.03.07-17.18.59:276][885]LogModuleManager: Shutting down and abandoning module LiveLinkComponents (368)
[2022.03.07-17.18.59:276][885]LogModuleManager: Shutting down and abandoning module LiveLink (366)
[2022.03.07-17.18.59:995][885]LogModuleManager: Shutting down and abandoning module SoundFields (364)
[2022.03.07-17.18.59:996][885]LogModuleManager: Shutting down and abandoning module SignificanceManager (362)
[2022.03.07-17.18.59:996][885]LogModuleManager: Shutting down and abandoning module RuntimePhysXCooking (360)
[2022.03.07-17.18.59:996][885]LogModuleManager: Shutting down and abandoning module PropertyAccessEditor (358)
[2022.03.07-17.18.59:996][885]LogModuleManager: Shutting down and abandoning module PhysXVehiclesEditor (356)
[2022.03.07-17.18.59:996][885]LogModuleManager: Shutting down and abandoning module LocationServicesBPLibrary (352)
[2022.03.07-17.18.59:996][885]LogModuleManager: Shutting down and abandoning module AudioSynesthesia (350)
[2022.03.07-17.18.59:996][885]LogModuleManager: Shutting down and abandoning module AudioSynesthesiaCore (348)
[2022.03.07-17.18.59:996][885]LogModuleManager: Shutting down and abandoning module ImgMediaEngine (346)
[2022.03.07-17.18.59:996][885]LogModuleManager: Shutting down and abandoning module UdpMessaging (344)
[2022.03.07-17.19.00:097][885]LogModuleManager: Shutting down and abandoning module TcpMessaging (342)
[2022.03.07-17.19.00:197][885]LogModuleManager: Shutting down and abandoning module MagicLeapARPin (340)
[2022.03.07-17.19.00:197][885]LogModuleManager: Shutting down and abandoning module PythonScriptPlugin (338)
[2022.03.07-17.19.00:197][885]LogModuleManager: Shutting down and abandoning module ActorSequence (336)
[2022.03.07-17.19.00:197][885]LogModuleManager: Shutting down and abandoning module MagicLeapHandMeshing (334)
[2022.03.07-17.19.00:197][885]LogModuleManager: Shutting down and abandoning module MagicLeapSecureStorage (332)
[2022.03.07-17.19.00:197][885]LogModuleManager: Shutting down and abandoning module MagicLeapPrivileges (330)
[2022.03.07-17.19.00:197][885]LogModuleManager: Shutting down and abandoning module MagicLeapPlanes (328)
[2022.03.07-17.19.00:197][885]LogMagicLeapPlanes: Planes tracker already destroyed.
[2022.03.07-17.19.00:197][885]LogModuleManager: Shutting down and abandoning module MagicLeapImageTracker (326)
[2022.03.07-17.19.00:197][885]LogModuleManager: Shutting down and abandoning module MagicLeapIdentity (324)
[2022.03.07-17.19.00:197][885]LogModuleManager: Shutting down and abandoning module MagicLeapHandTracking (322)
[2022.03.07-17.19.00:197][885]LogModuleManager: Shutting down and abandoning module MagicLeapEyeTracker (320)
[2022.03.07-17.19.00:197][885]LogModuleManager: Shutting down and abandoning module MagicLeapController (318)
[2022.03.07-17.19.00:197][885]LogModuleManager: Shutting down and abandoning module MagicLeapARPinImpl (316)
[2022.03.07-17.19.00:197][885]LogModuleManager: Shutting down and abandoning module MagicLeapAR (314)
[2022.03.07-17.19.00:197][885]LogModuleManager: Shutting down and abandoning module GameplayTagsEditor (312)
[2022.03.07-17.19.00:197][885]LogModuleManager: Shutting down and abandoning module NiagaraAnimNotifies (310)
[2022.03.07-17.19.00:197][885]LogModuleManager: Shutting down and abandoning module Niagara (308)
[2022.03.07-17.19.00:197][885]LogModuleManager: Shutting down and abandoning module SignalProcessing (307)
[2022.03.07-17.19.00:197][885]LogModuleManager: Shutting down and abandoning module NiagaraEditor (305)
[2022.03.07-17.19.00:197][885]LogModuleManager: Shutting down and abandoning module ContentBrowser (304)
[2022.03.07-17.19.00:197][885]LogModuleManager: Shutting down and abandoning module CollectionManager (303)
[2022.03.07-17.19.00:197][885]LogModuleManager: Shutting down and abandoning module DirectoryWatcher (302)
[2022.03.07-17.19.00:197][885]LogModuleManager: Shutting down and abandoning module ContentBrowserData (299)
[2022.03.07-17.19.00:197][885]LogModuleManager: Shutting down and abandoning module NiagaraCore (294)
[2022.03.07-17.19.00:197][885]LogModuleManager: Shutting down and abandoning module FacialAnimation (292)
[2022.03.07-17.19.00:197][885]LogModuleManager: Shutting down and abandoning module AssetManagerEditor (290)
[2022.03.07-17.19.00:197][885]LogModuleManager: Shutting down and abandoning module TreeMap (289)
[2022.03.07-17.19.00:197][885]LogModuleManager: Shutting down and abandoning module PropertyAccessNode (286)
[2022.03.07-17.19.00:197][885]LogModuleManager: Shutting down and abandoning module AnimationSharing (284)
[2022.03.07-17.19.00:197][885]LogModuleManager: Shutting down and abandoning module GameplayCameras (282)
[2022.03.07-17.19.00:197][885]LogModuleManager: Shutting down and abandoning module LightPropagationVolumeRuntime (280)
[2022.03.07-17.19.00:197][885]LogModuleManager: Shutting down and abandoning module EnvironmentQueryEditor (278)
[2022.03.07-17.19.00:197][885]LogModuleManager: Shutting down and abandoning module Paper2D (276)
[2022.03.07-17.19.00:197][885]LogModuleManager: Shutting down and abandoning module WindowsMoviePlayer (274)
[2022.03.07-17.19.00:198][885]LogModuleManager: Shutting down and abandoning module WebMMoviePlayer (272)
[2022.03.07-17.19.00:198][885]LogModuleManager: Shutting down and abandoning module NetworkReplayStreaming (270)
[2022.03.07-17.19.00:198][885]LogModuleManager: Shutting down and abandoning module PacketHandler (268)
[2022.03.07-17.19.00:198][885]LogModuleManager: Shutting down and abandoning module ClothingSystemEditor (266)
[2022.03.07-17.19.00:198][885]LogModuleManager: Shutting down and abandoning module ClothingSystemRuntimeNv (264)
[2022.03.07-17.19.00:198][885]LogModuleManager: Shutting down and abandoning module MediaAssets (262)
[2022.03.07-17.19.00:198][885]LogModuleManager: Shutting down and abandoning module Overlay (260)
[2022.03.07-17.19.00:198][885]LogModuleManager: Shutting down and abandoning module OverlayEditor (259)
[2022.03.07-17.19.00:198][885]LogModuleManager: Shutting down and abandoning module VREditor (256)
[2022.03.07-17.19.00:198][885]LogModuleManager: Shutting down and abandoning module StringTableEditor (254)
[2022.03.07-17.19.00:198][885]LogModuleManager: Shutting down and abandoning module GameplayTasksEditor (252)
[2022.03.07-17.19.00:198][885]LogModuleManager: Shutting down and abandoning module BehaviorTreeEditor (250)
[2022.03.07-17.19.00:198][885]LogModuleManager: Shutting down and abandoning module FunctionalTesting (248)
[2022.03.07-17.19.00:198][885]LogModuleManager: Shutting down and abandoning module CollisionAnalyzer (246)
[2022.03.07-17.19.00:198][885]LogModuleManager: Shutting down and abandoning module WorkspaceMenuStructure (245)
[2022.03.07-17.19.00:198][885]LogModuleManager: Shutting down and abandoning module UMG (242)
[2022.03.07-17.19.00:198][885]LogModuleManager: Shutting down and abandoning module UMGEditor (241)
[2022.03.07-17.19.00:198][885]LogModuleManager: Shutting down and abandoning module Sequencer (240)
[2022.03.07-17.19.00:198][885]LogModuleManager: Shutting down and abandoning module MessageLog (237)
[2022.03.07-17.19.00:198][885]LogModuleManager: Shutting down and abandoning module SlateReflector (232)
[2022.03.07-17.19.00:198][885]LogModuleManager: Shutting down and abandoning module Slate (230)
[2022.03.07-17.19.00:198][885]LogModuleManager: Shutting down and abandoning module SlateCore (228)
[2022.03.07-17.19.00:199][885]LogModuleManager: Shutting down and abandoning module LandscapeEditorUtilities (226)
[2022.03.07-17.19.00:199][885]LogModuleManager: Shutting down and abandoning module UnrealEd (224)
[2022.03.07-17.19.00:199][885]LogModuleManager: Shutting down and abandoning module MRMesh (222)
[2022.03.07-17.19.00:199][885]LogModuleManager: Shutting down and abandoning module Messaging (220)
[2022.03.07-17.19.00:199][885]LogModuleManager: Shutting down and abandoning module SourceCodeAccess (218)
[2022.03.07-17.19.00:199][885]LogModuleManager: Shutting down and abandoning module HeadMountedDisplay (216)
[2022.03.07-17.19.00:199][885]LogModuleManager: Shutting down and abandoning module XAudio2 (214)
[2022.03.07-17.19.00:199][885]LogModuleManager: Shutting down and abandoning module Networking (212)
[2022.03.07-17.19.00:199][885]LogModuleManager: Shutting down and abandoning module Core (210)
[2022.03.07-17.19.00:199][885]LogModuleManager: Shutting down and abandoning module MaterialEditor (208)
[2022.03.07-17.19.00:199][885]LogModuleManager: Shutting down and abandoning module MovieSceneTools (206)
[2022.03.07-17.19.00:199][885]LogModuleManager: Shutting down and abandoning module EditorStyle (205)
[2022.03.07-17.19.00:200][885]LogModuleManager: Shutting down and abandoning module KismetCompiler (202)
[2022.03.07-17.19.00:200][885]LogModuleManager: Shutting down and abandoning module MeshBuilder (200)
[2022.03.07-17.19.00:200][885]LogModuleManager: Shutting down and abandoning module MeshUtilities (198)
[2022.03.07-17.19.00:200][885]LogModuleManager: Shutting down and abandoning module MeshMergeUtilities (197)
[2022.03.07-17.19.00:200][885]LogModuleManager: Shutting down and abandoning module MeshReductionInterface (196)
[2022.03.07-17.19.00:200][885]LogModuleManager: Shutting down and abandoning module MeshBoneReduction (195)
[2022.03.07-17.19.00:200][885]LogModuleManager: Shutting down and abandoning module SkeletalMeshReduction (193)
[2022.03.07-17.19.00:200][885]LogModuleManager: Shutting down and abandoning module ProxyLODMeshReduction (191)
[2022.03.07-17.19.00:200][885]LogModuleManager: Shutting down and abandoning module QuadricMeshReduction (189)
[2022.03.07-17.19.00:200][885]LogModuleManager: Shutting down and abandoning module MaterialBaking (185)
[2022.03.07-17.19.00:200][885]LogModuleManager: Shutting down and abandoning module NullInstallBundleManager (180)
[2022.03.07-17.19.00:200][885]LogModuleManager: Shutting down and abandoning module PIEPreviewDeviceProfileSelector (178)
[2022.03.07-17.19.00:200][885]LogModuleManager: Shutting down and abandoning module DerivedDataCache (176)
[2022.03.07-17.19.00:200][885]LogModuleManager: Shutting down and abandoning module TargetPlatform (174)
[2022.03.07-17.19.00:200][885]LogModuleManager: Shutting down and abandoning module VulkanShaderFormat (173)
[2022.03.07-17.19.00:200][885]LogModuleManager: Shutting down and abandoning module ShaderFormatVectorVM (171)
[2022.03.07-17.19.00:200][885]LogModuleManager: Shutting down and abandoning module ShaderFormatOpenGL (169)
[2022.03.07-17.19.00:200][885]LogModuleManager: Shutting down and abandoning module ShaderFormatD3D (167)
[2022.03.07-17.19.00:200][885]LogModuleManager: Shutting down and abandoning module MetalShaderFormat (165)
[2022.03.07-17.19.00:200][885]LogModuleManager: Shutting down and abandoning module TextureFormatOodle (163)
[2022.03.07-17.19.00:200][885]LogModuleManager: Shutting down and abandoning module TextureFormatUncompressed (161)
[2022.03.07-17.19.00:200][885]LogModuleManager: Shutting down and abandoning module TextureFormatPVR (159)
[2022.03.07-17.19.00:200][885]LogModuleManager: Shutting down and abandoning module TextureFormatETC2 (157)
[2022.03.07-17.19.00:200][885]LogModuleManager: Shutting down and abandoning module TextureFormatDXT (155)
[2022.03.07-17.19.00:200][885]LogModuleManager: Shutting down and abandoning module TextureFormatIntelISPCTexComp (153)
[2022.03.07-17.19.00:200][885]LogModuleManager: Shutting down and abandoning module TextureFormatASTC (151)
[2022.03.07-17.19.00:200][885]LogModuleManager: Shutting down and abandoning module ImageWrapper (150)
[2022.03.07-17.19.00:200][885]LogModuleManager: Shutting down and abandoning module AudioFormatOpus (147)
[2022.03.07-17.19.00:200][885]LogModuleManager: Shutting down and abandoning module AudioFormatOgg (145)
[2022.03.07-17.19.00:200][885]LogModuleManager: Shutting down and abandoning module AudioFormatADPCM (143)
[2022.03.07-17.19.00:200][885]LogModuleManager: Shutting down and abandoning module WindowsServerTargetPlatform (141)
[2022.03.07-17.19.00:200][885]LogModuleManager: Shutting down and abandoning module WindowsClientTargetPlatform (139)
[2022.03.07-17.19.00:200][885]LogModuleManager: Shutting down and abandoning module WindowsTargetPlatform (137)
[2022.03.07-17.19.00:200][885]LogModuleManager: Shutting down and abandoning module WindowsNoEditorTargetPlatform (135)
[2022.03.07-17.19.00:200][885]LogModuleManager: Shutting down and abandoning module D3D11RHI (132)
[2022.03.07-17.19.00:200][885]LogModuleManager: Shutting down and abandoning module InputCore (130)
[2022.03.07-17.19.00:200][885]LogModuleManager: Shutting down and abandoning module Settings (128)
[2022.03.07-17.19.00:200][885]LogModuleManager: Shutting down and abandoning module PhysXCooking (126)
[2022.03.07-17.19.00:200][885]LogModuleManager: Shutting down and abandoning module Chaos (124)
[2022.03.07-17.19.00:200][885]LogModuleManager: Shutting down and abandoning module WindowsPlatformFeatures (122)
[2022.03.07-17.19.00:200][885]LogModuleManager: Shutting down and abandoning module GameplayMediaEncoder (121)
[2022.03.07-17.19.00:200][885]LogModuleManager: Shutting down and abandoning module AVEncoder (120)
[2022.03.07-17.19.00:200][885]LogModuleManager: Shutting down and abandoning module SteamVRInputDevice (116)
[2022.03.07-17.19.00:200][885]LogModuleManager: Shutting down and abandoning module SteamVRInput (114)
[2022.03.07-17.19.00:200][885]LogModuleManager: Shutting down and abandoning module SteamVR (112)
[2022.03.07-17.19.00:200][885]LogHMD: Freeing OpenVRDLLHandle.
[2022.03.07-17.19.00:200][885]LogModuleManager: Shutting down and abandoning module OculusHMD (110)
[2022.03.07-17.19.00:200][885]LogModuleManager: Shutting down and abandoning module OpenXREyeTracker (108)
[2022.03.07-17.19.00:200][885]LogModuleManager: Shutting down and abandoning module OpenXRHandTracking (106)
[2022.03.07-17.19.00:200][885]LogSlate: Slate User Destroyed.  User Index 0, Is Virtual User: 0
[2022.03.07-17.19.00:200][885]LogModuleManager: Shutting down and abandoning module OpenXRAR (104)
[2022.03.07-17.19.00:200][885]LogModuleManager: Shutting down and abandoning module AugmentedReality (103)
[2022.03.07-17.19.00:200][885]LogModuleManager: Shutting down and abandoning module OpenXRHMD (100)
[2022.03.07-17.19.00:201][885]LogModuleManager: Shutting down and abandoning module ExampleDeviceProfileSelector (98)
[2022.03.07-17.19.00:201][885]LogModuleManager: Shutting down and abandoning module ChunkDownloader (96)
[2022.03.07-17.19.00:201][885]LogModuleManager: Shutting down and abandoning module MLSDK (94)
[2022.03.07-17.19.00:201][885]LogModuleManager: Shutting down and abandoning module WmfMedia (92)
[2022.03.07-17.19.00:202][885]LogModuleManager: Shutting down and abandoning module Media (91)
[2022.03.07-17.19.00:202][885]LogModuleManager: Shutting down and abandoning module MediaInfo (90)
[2022.03.07-17.19.00:202][885]LogModuleManager: Shutting down and abandoning module ExrReaderGpu (86)
[2022.03.07-17.19.00:202][885]LogModuleManager: Shutting down and abandoning module OnlineBlueprintSupport (84)
[2022.03.07-17.19.00:202][885]LogModuleManager: Shutting down and abandoning module LauncherChunkInstaller (80)
[2022.03.07-17.19.00:202][885]LogModuleManager: Shutting down and abandoning module OnlineSubsystem (78)
[2022.03.07-17.19.00:203][885]LogModuleManager: Shutting down and abandoning module XMPP (73)
[2022.03.07-17.19.00:203][885]LogModuleManager: Shutting down and abandoning module WebSockets (72)
[2022.03.07-17.19.00:205][885]LogModuleManager: Shutting down and abandoning module HTTP (69)
[2022.03.07-17.19.00:205][885]LogHttp: Display: cleaning up 0 outstanding Http requests.
[2022.03.07-17.19.00:228][885]LogModuleManager: Shutting down and abandoning module SSL (68)
[2022.03.07-17.19.00:229][885]LogModuleManager: Shutting down and abandoning module ChaosCloth (64)
[2022.03.07-17.19.00:229][885]LogModuleManager: Shutting down and abandoning module MagicLeap (62)
[2022.03.07-17.19.00:229][885]LogModuleManager: Shutting down and abandoning module NiagaraVertexFactories (60)
[2022.03.07-17.19.00:229][885]LogModuleManager: Shutting down and abandoning module NiagaraShader (58)
[2022.03.07-17.19.00:229][885]LogModuleManager: Shutting down and abandoning module PixWinPlugin (56)
[2022.03.07-17.19.00:229][885]LogModuleManager: Shutting down and abandoning module VariantManagerContent (54)
[2022.03.07-17.19.00:229][885]LogModuleManager: Shutting down and abandoning module DatasmithContent (52)
[2022.03.07-17.19.00:229][885]LogModuleManager: Shutting down and abandoning module AISupportModule (50)
[2022.03.07-17.19.00:229][885]LogModuleManager: Shutting down and abandoning module DesktopPlatform (48)
[2022.03.07-17.19.00:229][885]LogModuleManager: Shutting down and abandoning module PythonScriptPluginPreload (46)
[2022.03.07-17.19.00:230][885]LogModuleManager: Shutting down and abandoning module PlatformCryptoOpenSSL (44)
[2022.03.07-17.19.00:230][885]LogModuleManager: Shutting down and abandoning module PlatformCryptoTypes (42)
[2022.03.07-17.19.00:230][885]LogModuleManager: Shutting down and abandoning module PlatformCrypto (40)
[2022.03.07-17.19.00:230][885]LogModuleManager: Shutting down and abandoning module OodleDataCompressionFormat (38)
[2022.03.07-17.19.00:230][885]LogModuleManager: Shutting down and abandoning module XGEController (36)
[2022.03.07-17.19.00:230][885]LogModuleManager: Shutting down and abandoning module AnimationModifiers (34)
[2022.03.07-17.19.00:230][885]LogModuleManager: Shutting down and abandoning module AudioEditor (32)
[2022.03.07-17.19.00:230][885]LogModuleManager: Shutting down and abandoning module PropertyEditor (31)
[2022.03.07-17.19.00:230][885]LogModuleManager: Shutting down and abandoning module TextureCompressor (28)
[2022.03.07-17.19.00:230][885]LogModuleManager: Shutting down and abandoning module RenderCore (26)
[2022.03.07-17.19.00:230][885]LogModuleManager: Shutting down and abandoning module Landscape (24)
[2022.03.07-17.19.00:230][885]LogModuleManager: Shutting down and abandoning module SlateRHIRenderer (22)
[2022.03.07-17.19.00:230][885]LogModuleManager: Shutting down and abandoning module AnimGraphRuntime (20)
[2022.03.07-17.19.00:230][885]LogModuleManager: Shutting down and abandoning module Renderer (18)
[2022.03.07-17.19.00:230][885]LogModuleManager: Shutting down and abandoning module Engine (16)
[2022.03.07-17.19.00:230][885]LogModuleManager: Shutting down and abandoning module CoreUObject (14)
[2022.03.07-17.19.00:230][885]LogModuleManager: Shutting down and abandoning module NetworkFile (12)
[2022.03.07-17.19.00:230][885]LogModuleManager: Shutting down and abandoning module CookedIterativeFile (10)
[2022.03.07-17.19.00:230][885]LogModuleManager: Shutting down and abandoning module StreamingFile (8)
[2022.03.07-17.19.00:230][885]LogModuleManager: Shutting down and abandoning module SandboxFile (6)
[2022.03.07-17.19.00:230][885]LogModuleManager: Shutting down and abandoning module PakFile (4)
[2022.03.07-17.19.00:230][885]LogModuleManager: Shutting down and abandoning module RSA (3)
[2022.03.07-17.19.00:319][885]LogContentStreaming: Display: There are 1 unreleased StreamingManagers
[2022.03.07-17.19.00:331][885]LogD3D11RHI: Shutdown
[2022.03.07-17.19.00:331][885]LogD3D11RHI: CleanupD3DDevice
[2022.03.07-17.19.00:332][885]LogExit: Exiting.
[2022.03.07-17.19.00:340][885]Log file closed, 03/08/22 00:19:00
